{"C:\\Users\\user\\Downloads\\Smart Stadium & Tournament Operations\\src\\modules\\chatbot\\languageDetector.ts": {"path":"C:\\Users\\user\\Downloads\\Smart Stadium & Tournament Operations\\src\\modules\\chatbot\\languageDetector.ts","statementMap":{"0":{"start":{"line":16,"column":32},"end":{"line":16,"column":null}},"1":{"start":{"line":20,"column":27},"end":{"line":20,"column":null}},"2":{"start":{"line":33,"column":2},"end":{"line":40,"column":null}},"3":{"start":{"line":34,"column":21},"end":{"line":34,"column":null}},"4":{"start":{"line":35,"column":17},"end":{"line":35,"column":null}},"5":{"start":{"line":36,"column":44},"end":{"line":36,"column":null}},"6":{"start":{"line":37,"column":4},"end":{"line":37,"column":null}},"7":{"start":{"line":39,"column":4},"end":{"line":39,"column":null}},"8":{"start":{"line":55,"column":30},"end":{"line":55,"column":null}},"9":{"start":{"line":56,"column":17},"end":{"line":56,"column":null}},"10":{"start":{"line":58,"column":2},"end":{"line":71,"column":null}},"11":{"start":{"line":59,"column":4},"end":{"line":59,"column":null}},"12":{"start":{"line":61,"column":57},"end":{"line":69,"column":null}},"13":{"start":{"line":70,"column":4},"end":{"line":70,"column":null}},"14":{"start":{"line":81,"column":51},"end":{"line":89,"column":null}},"15":{"start":{"line":90,"column":2},"end":{"line":90,"column":null}}},"fnMap":{"0":{"name":"detectLanguage","decl":{"start":{"line":32,"column":22},"end":{"line":32,"column":37}},"loc":{"start":{"line":32,"column":79},"end":{"line":41,"column":null}},"line":32},"1":{"name":"generateChatResponse","decl":{"start":{"line":51,"column":22},"end":{"line":51,"column":null}},"loc":{"start":{"line":54,"column":19},"end":{"line":72,"column":null}},"line":54},"2":{"name":"getLanguageName","decl":{"start":{"line":80,"column":9},"end":{"line":80,"column":25}},"loc":{"start":{"line":80,"column":58},"end":{"line":91,"column":null}},"line":80}},"branchMap":{"0":{"loc":{"start":{"line":37,"column":11},"end":{"line":37,"column":null}},"type":"cond-expr","locations":[{"start":{"line":37,"column":61},"end":{"line":37,"column":90}},{"start":{"line":37,"column":90},"end":{"line":37,"column":null}}],"line":37}},"s":{"0":2,"1":2,"2":3,"3":3,"4":2,"5":2,"6":2,"7":1,"8":0,"9":0,"10":0,"11":0,"12":0,"13":0,"14":0,"15":0},"f":{"0":3,"1":0,"2":0},"b":{"0":[1,1]},"meta":{"lastBranch":1,"lastFunction":3,"lastStatement":16,"seen":{"s:16:32:16:Infinity":0,"s:20:27:20:Infinity":1,"f:32:22:32:37":0,"s:33:2:40:Infinity":2,"s:34:21:34:Infinity":3,"s:35:17:35:Infinity":4,"s:36:44:36:Infinity":5,"s:37:4:37:Infinity":6,"b:37:61:37:90:37:90:37:Infinity":0,"s:39:4:39:Infinity":7,"f:51:22:51:Infinity":1,"s:55:30:55:Infinity":8,"s:56:17:56:Infinity":9,"s:58:2:71:Infinity":10,"s:59:4:59:Infinity":11,"s:61:57:69:Infinity":12,"s:70:4:70:Infinity":13,"f:80:9:80:25":2,"s:81:51:89:Infinity":14,"s:90:2:90:Infinity":15},"fnNames":{}}}
,"C:\\Users\\user\\Downloads\\Smart Stadium & Tournament Operations\\src\\modules\\control-room\\incidentAnalyzer.ts": {"path":"C:\\Users\\user\\Downloads\\Smart Stadium & Tournament Operations\\src\\modules\\control-room\\incidentAnalyzer.ts","statementMap":{"0":{"start":{"line":23,"column":31},"end":{"line":23,"column":null}},"1":{"start":{"line":45,"column":2},"end":{"line":64,"column":null}},"2":{"start":{"line":46,"column":21},"end":{"line":46,"column":null}},"3":{"start":{"line":48,"column":20},"end":{"line":48,"column":null}},"4":{"start":{"line":49,"column":19},"end":{"line":49,"column":null}},"5":{"start":{"line":51,"column":4},"end":{"line":56,"column":null}},"6":{"start":{"line":58,"column":4},"end":{"line":63,"column":null}}},"fnMap":{"0":{"name":"analyzeIncident","decl":{"start":{"line":44,"column":22},"end":{"line":44,"column":38}},"loc":{"start":{"line":44,"column":85},"end":{"line":65,"column":null}},"line":44}},"branchMap":{"0":{"loc":{"start":{"line":52,"column":22},"end":{"line":52,"column":59}},"type":"binary-expr","locations":[{"start":{"line":52,"column":22},"end":{"line":52,"column":40}},{"start":{"line":52,"column":40},"end":{"line":52,"column":59}}],"line":52},"1":{"loc":{"start":{"line":53,"column":56},"end":{"line":53,"column":85}},"type":"binary-expr","locations":[{"start":{"line":53,"column":56},"end":{"line":53,"column":84}},{"start":{"line":53,"column":84},"end":{"line":53,"column":85}}],"line":53},"2":{"loc":{"start":{"line":54,"column":29},"end":{"line":54,"column":78}},"type":"binary-expr","locations":[{"start":{"line":54,"column":29},"end":{"line":54,"column":54}},{"start":{"line":54,"column":54},"end":{"line":54,"column":78}}],"line":54},"3":{"loc":{"start":{"line":55,"column":23},"end":{"line":55,"column":49}},"type":"binary-expr","locations":[{"start":{"line":55,"column":23},"end":{"line":55,"column":42}},{"start":{"line":55,"column":42},"end":{"line":55,"column":49}}],"line":55}},"s":{"0":2,"1":3,"2":3,"3":2,"4":2,"5":2,"6":1},"f":{"0":3},"b":{"0":[2,0],"1":[3,1],"2":[3,1],"3":[3,1]},"meta":{"lastBranch":4,"lastFunction":1,"lastStatement":7,"seen":{"s:23:31:23:Infinity":0,"f:44:22:44:38":0,"s:45:2:64:Infinity":1,"s:46:21:46:Infinity":2,"s:48:20:48:Infinity":3,"s:49:19:49:Infinity":4,"s:51:4:56:Infinity":5,"b:52:22:52:40:52:40:52:59":0,"b:53:56:53:84:53:84:53:85":1,"b:54:29:54:54:54:54:54:78":2,"b:55:23:55:42:55:42:55:49":3,"s:58:4:63:Infinity":6},"fnNames":{}}}
,"C:\\Users\\user\\Downloads\\Smart Stadium & Tournament Operations\\src\\modules\\control-room\\incidentPrioritizer.ts": {"path":"C:\\Users\\user\\Downloads\\Smart Stadium & Tournament Operations\\src\\modules\\control-room\\incidentPrioritizer.ts","statementMap":{"0":{"start":{"line":19,"column":56},"end":{"line":25,"column":null}},"1":{"start":{"line":35,"column":25},"end":{"line":35,"column":null}},"2":{"start":{"line":38,"column":8},"end":{"line":38,"column":null}},"3":{"start":{"line":39,"column":23},"end":{"line":39,"column":null}},"4":{"start":{"line":42,"column":27},"end":{"line":42,"column":null}},"5":{"start":{"line":44,"column":2},"end":{"line":44,"column":null}},"6":{"start":{"line":54,"column":2},"end":{"line":56,"column":null}},"7":{"start":{"line":55,"column":14},"end":{"line":55,"column":null}},"8":{"start":{"line":70,"column":2},"end":{"line":70,"column":null}},"9":{"start":{"line":70,"column":33},"end":{"line":70,"column":58}},"10":{"start":{"line":82,"column":48},"end":{"line":82,"column":null}},"11":{"start":{"line":84,"column":2},"end":{"line":88,"column":null}},"12":{"start":{"line":85,"column":4},"end":{"line":87,"column":null}},"13":{"start":{"line":86,"column":6},"end":{"line":86,"column":null}},"14":{"start":{"line":90,"column":2},"end":{"line":90,"column":null}},"15":{"start":{"line":100,"column":2},"end":{"line":100,"column":null}},"16":{"start":{"line":100,"column":31},"end":{"line":100,"column":74}}},"fnMap":{"0":{"name":"calculatePriorityScore","decl":{"start":{"line":34,"column":16},"end":{"line":34,"column":39}},"loc":{"start":{"line":34,"column":67},"end":{"line":45,"column":null}},"line":34},"1":{"name":"rankIncidents","decl":{"start":{"line":53,"column":16},"end":{"line":53,"column":30}},"loc":{"start":{"line":53,"column":65},"end":{"line":57,"column":null}},"line":53},"2":{"name":"(anonymous_2)","decl":{"start":{"line":54,"column":24},"end":{"line":54,"column":null}},"loc":{"start":{"line":55,"column":14},"end":{"line":55,"column":null}},"line":55},"3":{"name":"filterBySeverity","decl":{"start":{"line":66,"column":16},"end":{"line":66,"column":null}},"loc":{"start":{"line":69,"column":14},"end":{"line":71,"column":null}},"line":69},"4":{"name":"(anonymous_4)","decl":{"start":{"line":70,"column":19},"end":{"line":70,"column":27}},"loc":{"start":{"line":70,"column":33},"end":{"line":70,"column":58}},"line":70},"5":{"name":"countBySeverity","decl":{"start":{"line":79,"column":16},"end":{"line":79,"column":null}},"loc":{"start":{"line":81,"column":33},"end":{"line":91,"column":null}},"line":81},"6":{"name":"hasCriticalIncident","decl":{"start":{"line":99,"column":16},"end":{"line":99,"column":36}},"loc":{"start":{"line":99,"column":68},"end":{"line":101,"column":null}},"line":99},"7":{"name":"(anonymous_7)","decl":{"start":{"line":100,"column":19},"end":{"line":100,"column":25}},"loc":{"start":{"line":100,"column":31},"end":{"line":100,"column":74}},"line":100}},"branchMap":{"0":{"loc":{"start":{"line":35,"column":25},"end":{"line":35,"column":null}},"type":"binary-expr","locations":[{"start":{"line":35,"column":25},"end":{"line":35,"column":64}},{"start":{"line":35,"column":64},"end":{"line":35,"column":null}}],"line":35},"1":{"loc":{"start":{"line":42,"column":27},"end":{"line":42,"column":null}},"type":"cond-expr","locations":[{"start":{"line":42,"column":56},"end":{"line":42,"column":62}},{"start":{"line":42,"column":62},"end":{"line":42,"column":null}}],"line":42},"2":{"loc":{"start":{"line":42,"column":62},"end":{"line":42,"column":null}},"type":"cond-expr","locations":[{"start":{"line":42,"column":98},"end":{"line":42,"column":104}},{"start":{"line":42,"column":104},"end":{"line":42,"column":null}}],"line":42},"3":{"loc":{"start":{"line":85,"column":4},"end":{"line":87,"column":null}},"type":"if","locations":[{"start":{"line":85,"column":4},"end":{"line":87,"column":null}},{"start":{},"end":{}}],"line":85},"4":{"loc":{"start":{"line":86,"column":35},"end":{"line":86,"column":69}},"type":"binary-expr","locations":[{"start":{"line":86,"column":35},"end":{"line":86,"column":64}},{"start":{"line":86,"column":64},"end":{"line":86,"column":69}}],"line":86},"5":{"loc":{"start":{"line":100,"column":31},"end":{"line":100,"column":74}},"type":"binary-expr","locations":[{"start":{"line":100,"column":31},"end":{"line":100,"column":51}},{"start":{"line":100,"column":51},"end":{"line":100,"column":74}}],"line":100}},"s":{"0":2,"1":26,"2":26,"3":26,"4":26,"5":26,"6":2,"7":13,"8":0,"9":0,"10":3,"11":3,"12":10,"13":8,"14":3,"15":4,"16":9},"f":{"0":26,"1":2,"2":13,"3":0,"4":0,"5":3,"6":4,"7":9},"b":{"0":[26,0],"1":[22,4],"2":[2,2],"3":[8,2],"4":[8,0],"5":[9,3]},"meta":{"lastBranch":6,"lastFunction":8,"lastStatement":17,"seen":{"s:19:56:25:Infinity":0,"f:34:16:34:39":0,"s:35:25:35:Infinity":1,"b:35:25:35:64:35:64:35:Infinity":0,"s:38:8:38:Infinity":2,"s:39:23:39:Infinity":3,"s:42:27:42:Infinity":4,"b:42:56:42:62:42:62:42:Infinity":1,"b:42:98:42:104:42:104:42:Infinity":2,"s:44:2:44:Infinity":5,"f:53:16:53:30":1,"s:54:2:56:Infinity":6,"f:54:24:54:Infinity":2,"s:55:14:55:Infinity":7,"f:66:16:66:Infinity":3,"s:70:2:70:Infinity":8,"f:70:19:70:27":4,"s:70:33:70:58":9,"f:79:16:79:Infinity":5,"s:82:48:82:Infinity":10,"s:84:2:88:Infinity":11,"b:85:4:87:Infinity:undefined:undefined:undefined:undefined":3,"s:85:4:87:Infinity":12,"s:86:6:86:Infinity":13,"b:86:35:86:64:86:64:86:69":4,"s:90:2:90:Infinity":14,"f:99:16:99:36":6,"s:100:2:100:Infinity":15,"f:100:19:100:25":7,"s:100:31:100:74":16,"b:100:31:100:51:100:51:100:74":5},"fnNames":{}}}
,"C:\\Users\\user\\Downloads\\Smart Stadium & Tournament Operations\\src\\modules\\crowd-management\\CrowdSimulator.ts": {"path":"C:\\Users\\user\\Downloads\\Smart Stadium & Tournament Operations\\src\\modules\\crowd-management\\CrowdSimulator.ts","statementMap":{"0":{"start":{"line":24,"column":14},"end":{"line":24,"column":null}},"1":{"start":{"line":26,"column":2},"end":{"line":43,"column":null}},"2":{"start":{"line":28,"column":26},"end":{"line":28,"column":null}},"3":{"start":{"line":30,"column":10},"end":{"line":30,"column":null}},"4":{"start":{"line":31,"column":26},"end":{"line":31,"column":null}},"5":{"start":{"line":32,"column":25},"end":{"line":32,"column":null}},"6":{"start":{"line":34,"column":4},"end":{"line":42,"column":null}},"7":{"start":{"line":54,"column":43},"end":{"line":63,"column":null}},"8":{"start":{"line":64,"column":2},"end":{"line":64,"column":null}}},"fnMap":{"0":{"name":"generateCrowdData","decl":{"start":{"line":23,"column":16},"end":{"line":23,"column":51}},"loc":{"start":{"line":23,"column":51},"end":{"line":44,"column":null}},"line":23},"1":{"name":"(anonymous_1)","decl":{"start":{"line":26,"column":23},"end":{"line":26,"column":28}},"loc":{"start":{"line":26,"column":37},"end":{"line":43,"column":3}},"line":26},"2":{"name":"getBaseOccupancy","decl":{"start":{"line":53,"column":9},"end":{"line":53,"column":26}},"loc":{"start":{"line":53,"column":50},"end":{"line":65,"column":null}},"line":53}},"branchMap":{"0":{"loc":{"start":{"line":64,"column":9},"end":{"line":64,"column":null}},"type":"binary-expr","locations":[{"start":{"line":64,"column":9},"end":{"line":64,"column":29}},{"start":{"line":64,"column":29},"end":{"line":64,"column":null}}],"line":64}},"s":{"0":4,"1":4,"2":32,"3":32,"4":32,"5":32,"6":32,"7":32,"8":32},"f":{"0":4,"1":32,"2":32},"b":{"0":[32,0]},"meta":{"lastBranch":1,"lastFunction":3,"lastStatement":9,"seen":{"f:23:16:23:51":0,"s:24:14:24:Infinity":0,"s:26:2:43:Infinity":1,"f:26:23:26:28":1,"s:28:26:28:Infinity":2,"s:30:10:30:Infinity":3,"s:31:26:31:Infinity":4,"s:32:25:32:Infinity":5,"s:34:4:42:Infinity":6,"f:53:9:53:26":2,"s:54:43:63:Infinity":7,"s:64:2:64:Infinity":8,"b:64:9:64:29:64:29:64:Infinity":0},"fnNames":{}}}
,"C:\\Users\\user\\Downloads\\Smart Stadium & Tournament Operations\\src\\modules\\crowd-management\\crowdAnalysis.ts": {"path":"C:\\Users\\user\\Downloads\\Smart Stadium & Tournament Operations\\src\\modules\\crowd-management\\crowdAnalysis.ts","statementMap":{"0":{"start":{"line":23,"column":2},"end":{"line":23,"column":null}},"1":{"start":{"line":23,"column":52},"end":{"line":23,"column":null}},"2":{"start":{"line":24,"column":2},"end":{"line":24,"column":null}},"3":{"start":{"line":24,"column":48},"end":{"line":24,"column":null}},"4":{"start":{"line":25,"column":2},"end":{"line":25,"column":null}},"5":{"start":{"line":25,"column":50},"end":{"line":25,"column":null}},"6":{"start":{"line":26,"column":2},"end":{"line":26,"column":null}},"7":{"start":{"line":36,"column":2},"end":{"line":38,"column":null}},"8":{"start":{"line":37,"column":11},"end":{"line":37,"column":null}},"9":{"start":{"line":52,"column":18},"end":{"line":52,"column":null}},"10":{"start":{"line":52,"column":41},"end":{"line":52,"column":54}},"11":{"start":{"line":53,"column":2},"end":{"line":53,"column":null}},"12":{"start":{"line":70,"column":21},"end":{"line":70,"column":null}},"13":{"start":{"line":71,"column":2},"end":{"line":71,"column":null}},"14":{"start":{"line":71,"column":36},"end":{"line":71,"column":null}},"15":{"start":{"line":73,"column":17},"end":{"line":73,"column":null}},"16":{"start":{"line":75,"column":2},"end":{"line":80,"column":null}},"17":{"start":{"line":75,"column":15},"end":{"line":75,"column":36}},"18":{"start":{"line":76,"column":4},"end":{"line":79,"column":null}},"19":{"start":{"line":77,"column":6},"end":{"line":77,"column":null}},"20":{"start":{"line":78,"column":6},"end":{"line":78,"column":null}},"21":{"start":{"line":81,"column":2},"end":{"line":81,"column":null}},"22":{"start":{"line":96,"column":23},"end":{"line":98,"column":null}},"23":{"start":{"line":97,"column":19},"end":{"line":97,"column":99}},"24":{"start":{"line":98,"column":20},"end":{"line":98,"column":53}},"25":{"start":{"line":100,"column":2},"end":{"line":102,"column":null}},"26":{"start":{"line":101,"column":4},"end":{"line":101,"column":null}},"27":{"start":{"line":104,"column":15},"end":{"line":104,"column":null}},"28":{"start":{"line":105,"column":2},"end":{"line":105,"column":null}},"29":{"start":{"line":115,"column":2},"end":{"line":115,"column":null}}},"fnMap":{"0":{"name":"getAlertLevel","decl":{"start":{"line":22,"column":16},"end":{"line":22,"column":30}},"loc":{"start":{"line":22,"column":84},"end":{"line":27,"column":null}},"line":22},"1":{"name":"getCongestedZones","decl":{"start":{"line":35,"column":16},"end":{"line":35,"column":34}},"loc":{"start":{"line":35,"column":71},"end":{"line":39,"column":null}},"line":35},"2":{"name":"(anonymous_2)","decl":{"start":{"line":36,"column":15},"end":{"line":36,"column":null}},"loc":{"start":{"line":37,"column":11},"end":{"line":37,"column":null}},"line":37},"3":{"name":"getZoneDataFast","decl":{"start":{"line":49,"column":16},"end":{"line":49,"column":32}},"loc":{"start":{"line":49,"column":95},"end":{"line":54,"column":null}},"line":49},"4":{"name":"(anonymous_4)","decl":{"start":{"line":52,"column":32},"end":{"line":52,"column":36}},"loc":{"start":{"line":52,"column":41},"end":{"line":52,"column":54}},"line":52},"5":{"name":"isRisingTrend","decl":{"start":{"line":67,"column":16},"end":{"line":67,"column":30}},"loc":{"start":{"line":67,"column":59},"end":{"line":82,"column":null}},"line":67},"6":{"name":"generateRerouteSuggestion","decl":{"start":{"line":92,"column":16},"end":{"line":92,"column":null}},"loc":{"start":{"line":95,"column":10},"end":{"line":106,"column":null}},"line":95},"7":{"name":"(anonymous_7)","decl":{"start":{"line":97,"column":5},"end":{"line":97,"column":13}},"loc":{"start":{"line":97,"column":19},"end":{"line":97,"column":99}},"line":97},"8":{"name":"(anonymous_8)","decl":{"start":{"line":98,"column":5},"end":{"line":98,"column":11}},"loc":{"start":{"line":98,"column":20},"end":{"line":98,"column":53}},"line":98},"9":{"name":"formatOccupancy","decl":{"start":{"line":114,"column":16},"end":{"line":114,"column":32}},"loc":{"start":{"line":114,"column":54},"end":{"line":116,"column":null}},"line":114}},"branchMap":{"0":{"loc":{"start":{"line":23,"column":2},"end":{"line":23,"column":null}},"type":"if","locations":[{"start":{"line":23,"column":2},"end":{"line":23,"column":null}},{"start":{},"end":{}}],"line":23},"1":{"loc":{"start":{"line":24,"column":2},"end":{"line":24,"column":null}},"type":"if","locations":[{"start":{"line":24,"column":2},"end":{"line":24,"column":null}},{"start":{},"end":{}}],"line":24},"2":{"loc":{"start":{"line":25,"column":2},"end":{"line":25,"column":null}},"type":"if","locations":[{"start":{"line":25,"column":2},"end":{"line":25,"column":null}},{"start":{},"end":{}}],"line":25},"3":{"loc":{"start":{"line":71,"column":2},"end":{"line":71,"column":null}},"type":"if","locations":[{"start":{"line":71,"column":2},"end":{"line":71,"column":null}},{"start":{},"end":{}}],"line":71},"4":{"loc":{"start":{"line":76,"column":4},"end":{"line":79,"column":null}},"type":"if","locations":[{"start":{"line":76,"column":4},"end":{"line":79,"column":null}},{"start":{},"end":{}}],"line":76},"5":{"loc":{"start":{"line":97,"column":19},"end":{"line":97,"column":99}},"type":"binary-expr","locations":[{"start":{"line":97,"column":19},"end":{"line":97,"column":56}},{"start":{"line":97,"column":56},"end":{"line":97,"column":99}}],"line":97},"6":{"loc":{"start":{"line":100,"column":2},"end":{"line":102,"column":null}},"type":"if","locations":[{"start":{"line":100,"column":2},"end":{"line":102,"column":null}},{"start":{},"end":{}}],"line":100}},"s":{"0":23,"1":2,"2":21,"3":3,"4":18,"5":4,"6":14,"7":2,"8":3,"9":2,"10":3,"11":2,"12":6,"13":6,"14":2,"15":4,"16":4,"17":4,"18":5,"19":3,"20":3,"21":4,"22":2,"23":5,"24":0,"25":2,"26":1,"27":1,"28":1,"29":20},"f":{"0":23,"1":2,"2":3,"3":2,"4":3,"5":6,"6":2,"7":5,"8":0,"9":20},"b":{"0":[2,21],"1":[3,18],"2":[4,14],"3":[2,4],"4":[3,2],"5":[5,3],"6":[1,1]},"meta":{"lastBranch":7,"lastFunction":10,"lastStatement":30,"seen":{"f:22:16:22:30":0,"b:23:2:23:Infinity:undefined:undefined:undefined:undefined":0,"s:23:2:23:Infinity":0,"s:23:52:23:Infinity":1,"b:24:2:24:Infinity:undefined:undefined:undefined:undefined":1,"s:24:2:24:Infinity":2,"s:24:48:24:Infinity":3,"b:25:2:25:Infinity:undefined:undefined:undefined:undefined":2,"s:25:2:25:Infinity":4,"s:25:50:25:Infinity":5,"s:26:2:26:Infinity":6,"f:35:16:35:34":1,"s:36:2:38:Infinity":7,"f:36:15:36:Infinity":2,"s:37:11:37:Infinity":8,"f:49:16:49:32":3,"s:52:18:52:Infinity":9,"f:52:32:52:36":4,"s:52:41:52:54":10,"s:53:2:53:Infinity":11,"f:67:16:67:30":5,"s:70:21:70:Infinity":12,"b:71:2:71:Infinity:undefined:undefined:undefined:undefined":3,"s:71:2:71:Infinity":13,"s:71:36:71:Infinity":14,"s:73:17:73:Infinity":15,"s:75:2:80:Infinity":16,"s:75:15:75:36":17,"b:76:4:79:Infinity:undefined:undefined:undefined:undefined":4,"s:76:4:79:Infinity":18,"s:77:6:77:Infinity":19,"s:78:6:78:Infinity":20,"s:81:2:81:Infinity":21,"f:92:16:92:Infinity":6,"s:96:23:98:Infinity":22,"f:97:5:97:13":7,"s:97:19:97:99":23,"b:97:19:97:56:97:56:97:99":5,"f:98:5:98:11":8,"s:98:20:98:53":24,"b:100:2:102:Infinity:undefined:undefined:undefined:undefined":6,"s:100:2:102:Infinity":25,"s:101:4:101:Infinity":26,"s:104:15:104:Infinity":27,"s:105:2:105:Infinity":28,"f:114:16:114:32":9,"s:115:2:115:Infinity":29},"fnNames":{}}}
,"C:\\Users\\user\\Downloads\\Smart Stadium & Tournament Operations\\src\\modules\\crowd-management\\crowdPrediction.ts": {"path":"C:\\Users\\user\\Downloads\\Smart Stadium & Tournament Operations\\src\\modules\\crowd-management\\crowdPrediction.ts","statementMap":{"0":{"start":{"line":17,"column":33},"end":{"line":17,"column":null}},"1":{"start":{"line":46,"column":18},"end":{"line":54,"column":null}},"2":{"start":{"line":47,"column":28},"end":{"line":53,"column":6}},"3":{"start":{"line":56,"column":19},"end":{"line":56,"column":null}},"4":{"start":{"line":56,"column":62},"end":{"line":56,"column":94}},"5":{"start":{"line":58,"column":2},"end":{"line":76,"column":null}},"6":{"start":{"line":59,"column":21},"end":{"line":59,"column":null}},"7":{"start":{"line":62,"column":20},"end":{"line":62,"column":null}},"8":{"start":{"line":63,"column":19},"end":{"line":63,"column":null}},"9":{"start":{"line":65,"column":4},"end":{"line":72,"column":null}},"10":{"start":{"line":65,"column":75},"end":{"line":72,"column":6}},"11":{"start":{"line":75,"column":4},"end":{"line":75,"column":null}}},"fnMap":{"0":{"name":"predictCongestion","decl":{"start":{"line":43,"column":22},"end":{"line":43,"column":null}},"loc":{"start":{"line":45,"column":30},"end":{"line":77,"column":null}},"line":45},"1":{"name":"(anonymous_1)","decl":{"start":{"line":47,"column":16},"end":{"line":47,"column":21}},"loc":{"start":{"line":47,"column":28},"end":{"line":53,"column":6}},"line":47},"2":{"name":"(anonymous_2)","decl":{"start":{"line":56,"column":51},"end":{"line":56,"column":56}},"loc":{"start":{"line":56,"column":62},"end":{"line":56,"column":94}},"line":56},"3":{"name":"(anonymous_3)","decl":{"start":{"line":65,"column":38},"end":{"line":65,"column":43}},"loc":{"start":{"line":65,"column":75},"end":{"line":72,"column":6}},"line":65}},"branchMap":{"0":{"loc":{"start":{"line":65,"column":12},"end":{"line":65,"column":36}},"type":"binary-expr","locations":[{"start":{"line":65,"column":12},"end":{"line":65,"column":34}},{"start":{"line":65,"column":34},"end":{"line":65,"column":36}}],"line":65},"1":{"loc":{"start":{"line":66,"column":21},"end":{"line":66,"column":35}},"type":"binary-expr","locations":[{"start":{"line":66,"column":21},"end":{"line":66,"column":33}},{"start":{"line":66,"column":33},"end":{"line":66,"column":35}}],"line":66},"2":{"loc":{"start":{"line":67,"column":33},"end":{"line":67,"column":58}},"type":"binary-expr","locations":[{"start":{"line":67,"column":33},"end":{"line":67,"column":57}},{"start":{"line":67,"column":57},"end":{"line":67,"column":58}}],"line":67},"3":{"loc":{"start":{"line":68,"column":27},"end":{"line":68,"column":47}},"type":"binary-expr","locations":[{"start":{"line":68,"column":27},"end":{"line":68,"column":45}},{"start":{"line":68,"column":45},"end":{"line":68,"column":47}}],"line":68},"4":{"loc":{"start":{"line":69,"column":25},"end":{"line":69,"column":44}},"type":"binary-expr","locations":[{"start":{"line":69,"column":25},"end":{"line":69,"column":41}},{"start":{"line":69,"column":41},"end":{"line":69,"column":44}}],"line":69},"5":{"loc":{"start":{"line":70,"column":32},"end":{"line":70,"column":57}},"type":"binary-expr","locations":[{"start":{"line":70,"column":32},"end":{"line":70,"column":55}},{"start":{"line":70,"column":55},"end":{"line":70,"column":57}}],"line":70},"6":{"loc":{"start":{"line":71,"column":39},"end":{"line":71,"column":64}},"type":"binary-expr","locations":[{"start":{"line":71,"column":39},"end":{"line":71,"column":63}},{"start":{"line":71,"column":63},"end":{"line":71,"column":64}}],"line":71}},"s":{"0":2,"1":3,"2":3,"3":3,"4":3,"5":3,"6":3,"7":2,"8":2,"9":2,"10":2,"11":1},"f":{"0":3,"1":3,"2":3,"3":2},"b":{"0":[2,0],"1":[2,0],"2":[2,1],"3":[2,1],"4":[2,1],"5":[2,1],"6":[2,1]},"meta":{"lastBranch":7,"lastFunction":4,"lastStatement":12,"seen":{"s:17:33:17:Infinity":0,"f:43:22:43:Infinity":0,"s:46:18:54:Infinity":1,"f:47:16:47:21":1,"s:47:28:53:6":2,"s:56:19:56:Infinity":3,"f:56:51:56:56":2,"s:56:62:56:94":4,"s:58:2:76:Infinity":5,"s:59:21:59:Infinity":6,"s:62:20:62:Infinity":7,"s:63:19:63:Infinity":8,"s:65:4:72:Infinity":9,"b:65:12:65:34:65:34:65:36":0,"f:65:38:65:43":3,"s:65:75:72:6":10,"b:66:21:66:33:66:33:66:35":1,"b:67:33:67:57:67:57:67:58":2,"b:68:27:68:45:68:45:68:47":3,"b:69:25:69:41:69:41:69:44":4,"b:70:32:70:55:70:55:70:57":5,"b:71:39:71:63:71:63:71:64":6,"s:75:4:75:Infinity":11},"fnNames":{}}}
,"C:\\Users\\user\\Downloads\\Smart Stadium & Tournament Operations\\src\\modules\\crowd-management\\useCrowdPrediction.ts": {"path":"C:\\Users\\user\\Downloads\\Smart Stadium & Tournament Operations\\src\\modules\\crowd-management\\useCrowdPrediction.ts","statementMap":{"0":{"start":{"line":6,"column":22},"end":{"line":6,"column":null}},"1":{"start":{"line":7,"column":30},"end":{"line":7,"column":null}},"2":{"start":{"line":9,"column":8},"end":{"line":18,"column":null}},"3":{"start":{"line":10,"column":4},"end":{"line":10,"column":null}},"4":{"start":{"line":10,"column":32},"end":{"line":10,"column":null}},"5":{"start":{"line":11,"column":4},"end":{"line":11,"column":null}},"6":{"start":{"line":12,"column":4},"end":{"line":17,"column":null}},"7":{"start":{"line":13,"column":20},"end":{"line":13,"column":null}},"8":{"start":{"line":14,"column":6},"end":{"line":14,"column":null}},"9":{"start":{"line":16,"column":6},"end":{"line":16,"column":null}},"10":{"start":{"line":20,"column":2},"end":{"line":24,"column":null}}},"fnMap":{"0":{"name":"useCrowdPrediction","decl":{"start":{"line":5,"column":16},"end":{"line":5,"column":35}},"loc":{"start":{"line":5,"column":61},"end":{"line":25,"column":null}},"line":5},"1":{"name":"(anonymous_1)","decl":{"start":{"line":9,"column":41},"end":{"line":9,"column":53}},"loc":{"start":{"line":9,"column":53},"end":{"line":18,"column":5}},"line":9}},"branchMap":{"0":{"loc":{"start":{"line":10,"column":4},"end":{"line":10,"column":null}},"type":"if","locations":[{"start":{"line":10,"column":4},"end":{"line":10,"column":null}},{"start":{},"end":{}}],"line":10}},"s":{"0":1,"1":1,"2":1,"3":0,"4":0,"5":0,"6":0,"7":0,"8":0,"9":0,"10":1},"f":{"0":1,"1":0},"b":{"0":[0,0]},"meta":{"lastBranch":1,"lastFunction":2,"lastStatement":11,"seen":{"f:5:16:5:35":0,"s:6:22:6:Infinity":0,"s:7:30:7:Infinity":1,"s:9:8:18:Infinity":2,"f:9:41:9:53":1,"b:10:4:10:Infinity:undefined:undefined:undefined:undefined":0,"s:10:4:10:Infinity":3,"s:10:32:10:Infinity":4,"s:11:4:11:Infinity":5,"s:12:4:17:Infinity":6,"s:13:20:13:Infinity":7,"s:14:6:14:Infinity":8,"s:16:6:16:Infinity":9,"s:20:2:24:Infinity":10},"fnNames":{}}}
,"C:\\Users\\user\\Downloads\\Smart Stadium & Tournament Operations\\src\\modules\\crowd-management\\volunteerCopilot.ts": {"path":"C:\\Users\\user\\Downloads\\Smart Stadium & Tournament Operations\\src\\modules\\crowd-management\\volunteerCopilot.ts","statementMap":{"0":{"start":{"line":23,"column":22},"end":{"line":23,"column":null}},"1":{"start":{"line":80,"column":2},"end":{"line":80,"column":null}},"2":{"start":{"line":80,"column":35},"end":{"line":80,"column":null}},"3":{"start":{"line":82,"column":18},"end":{"line":91,"column":null}},"4":{"start":{"line":84,"column":50},"end":{"line":90,"column":6}},"5":{"start":{"line":93,"column":2},"end":{"line":123,"column":null}},"6":{"start":{"line":94,"column":25},"end":{"line":94,"column":null}},"7":{"start":{"line":95,"column":20},"end":{"line":95,"column":null}},"8":{"start":{"line":96,"column":19},"end":{"line":96,"column":null}},"9":{"start":{"line":98,"column":4},"end":{"line":108,"column":null}},"10":{"start":{"line":98,"column":92},"end":{"line":108,"column":6}},"11":{"start":{"line":110,"column":4},"end":{"line":110,"column":null}},"12":{"start":{"line":112,"column":4},"end":{"line":122,"column":null}},"13":{"start":{"line":112,"column":36},"end":{"line":122,"column":6}}},"fnMap":{"0":{"name":"generateVolunteerAlerts","decl":{"start":{"line":76,"column":22},"end":{"line":76,"column":null}},"loc":{"start":{"line":79,"column":29},"end":{"line":124,"column":null}},"line":79},"1":{"name":"(anonymous_1)","decl":{"start":{"line":84,"column":25},"end":{"line":84,"column":30}},"loc":{"start":{"line":84,"column":50},"end":{"line":90,"column":6}},"line":84},"2":{"name":"(anonymous_2)","decl":{"start":{"line":98,"column":55},"end":{"line":98,"column":60}},"loc":{"start":{"line":98,"column":92},"end":{"line":108,"column":6}},"line":98},"3":{"name":"(anonymous_3)","decl":{"start":{"line":112,"column":26},"end":{"line":112,"column":30}},"loc":{"start":{"line":112,"column":36},"end":{"line":122,"column":6}},"line":112}},"branchMap":{"0":{"loc":{"start":{"line":78,"column":2},"end":{"line":78,"column":null}},"type":"default-arg","locations":[{"start":{"line":78,"column":27},"end":{"line":78,"column":null}}],"line":78},"1":{"loc":{"start":{"line":80,"column":2},"end":{"line":80,"column":null}},"type":"if","locations":[{"start":{"line":80,"column":2},"end":{"line":80,"column":null}},{"start":{},"end":{}}],"line":80},"2":{"loc":{"start":{"line":98,"column":12},"end":{"line":98,"column":53}},"type":"cond-expr","locations":[{"start":{"line":98,"column":36},"end":{"line":98,"column":45}},{"start":{"line":98,"column":45},"end":{"line":98,"column":53}}],"line":98},"3":{"loc":{"start":{"line":99,"column":21},"end":{"line":99,"column":35}},"type":"binary-expr","locations":[{"start":{"line":99,"column":21},"end":{"line":99,"column":33}},{"start":{"line":99,"column":33},"end":{"line":99,"column":35}}],"line":99},"4":{"loc":{"start":{"line":100,"column":19},"end":{"line":100,"column":31}},"type":"binary-expr","locations":[{"start":{"line":100,"column":19},"end":{"line":100,"column":29}},{"start":{"line":100,"column":29},"end":{"line":100,"column":31}}],"line":100},"5":{"loc":{"start":{"line":101,"column":24},"end":{"line":101,"column":77}},"type":"binary-expr","locations":[{"start":{"line":101,"column":24},"end":{"line":101,"column":39}},{"start":{"line":101,"column":39},"end":{"line":101,"column":77}}],"line":101},"6":{"loc":{"start":{"line":102,"column":21},"end":{"line":102,"column":53}},"type":"binary-expr","locations":[{"start":{"line":102,"column":21},"end":{"line":102,"column":33}},{"start":{"line":102,"column":33},"end":{"line":102,"column":53}}],"line":102},"7":{"loc":{"start":{"line":103,"column":17},"end":{"line":103,"column":null}},"type":"cond-expr","locations":[{"start":{"line":103,"column":45},"end":{"line":103,"column":58}},{"start":{"line":103,"column":58},"end":{"line":103,"column":null}}],"line":103},"8":{"loc":{"start":{"line":105,"column":25},"end":{"line":105,"column":76}},"type":"binary-expr","locations":[{"start":{"line":105,"column":25},"end":{"line":105,"column":62}},{"start":{"line":105,"column":62},"end":{"line":105,"column":76}}],"line":105},"9":{"loc":{"start":{"line":106,"column":21},"end":{"line":106,"column":80}},"type":"binary-expr","locations":[{"start":{"line":106,"column":21},"end":{"line":106,"column":54}},{"start":{"line":106,"column":54},"end":{"line":106,"column":80}}],"line":106}},"s":{"0":2,"1":5,"2":1,"3":4,"4":5,"5":4,"6":4,"7":3,"8":3,"9":3,"10":4,"11":1,"12":1,"13":1},"f":{"0":5,"1":5,"2":4,"3":1},"b":{"0":[5],"1":[1,4],"2":[3,0],"3":[4,0],"4":[4,3],"5":[4,3],"6":[4,3],"7":[1,3],"8":[4,2],"9":[4,2]},"meta":{"lastBranch":10,"lastFunction":4,"lastStatement":14,"seen":{"s:23:22:23:Infinity":0,"f:76:22:76:Infinity":0,"b:78:27:78:Infinity":0,"b:80:2:80:Infinity:undefined:undefined:undefined:undefined":1,"s:80:2:80:Infinity":1,"s:80:35:80:Infinity":2,"s:82:18:91:Infinity":3,"f:84:25:84:30":1,"s:84:50:90:6":4,"s:93:2:123:Infinity":5,"s:94:25:94:Infinity":6,"s:95:20:95:Infinity":7,"s:96:19:96:Infinity":8,"s:98:4:108:Infinity":9,"b:98:36:98:45:98:45:98:53":2,"f:98:55:98:60":2,"s:98:92:108:6":10,"b:99:21:99:33:99:33:99:35":3,"b:100:19:100:29:100:29:100:31":4,"b:101:24:101:39:101:39:101:77":5,"b:102:21:102:33:102:33:102:53":6,"b:103:45:103:58:103:58:103:Infinity":7,"b:105:25:105:62:105:62:105:76":8,"b:106:21:106:54:106:54:106:80":9,"s:110:4:110:Infinity":11,"s:112:4:122:Infinity":12,"f:112:26:112:30":3,"s:112:36:122:6":13},"fnNames":{}}}
,"C:\\Users\\user\\Downloads\\Smart Stadium & Tournament Operations\\src\\modules\\navigation\\intentParser.ts": {"path":"C:\\Users\\user\\Downloads\\Smart Stadium & Tournament Operations\\src\\modules\\navigation\\intentParser.ts","statementMap":{"0":{"start":{"line":24,"column":29},"end":{"line":24,"column":null}},"1":{"start":{"line":55,"column":19},"end":{"line":55,"column":null}},"2":{"start":{"line":57,"column":2},"end":{"line":72,"column":null}},"3":{"start":{"line":58,"column":21},"end":{"line":58,"column":null}},"4":{"start":{"line":60,"column":20},"end":{"line":60,"column":null}},"5":{"start":{"line":61,"column":19},"end":{"line":61,"column":null}},"6":{"start":{"line":63,"column":4},"end":{"line":68,"column":null}},"7":{"start":{"line":71,"column":4},"end":{"line":71,"column":null}},"8":{"start":{"line":83,"column":12},"end":{"line":83,"column":null}},"9":{"start":{"line":85,"column":51},"end":{"line":104,"column":null}},"10":{"start":{"line":106,"column":26},"end":{"line":106,"column":null}},"11":{"start":{"line":107,"column":28},"end":{"line":107,"column":null}},"12":{"start":{"line":109,"column":2},"end":{"line":117,"column":null}},"13":{"start":{"line":110,"column":4},"end":{"line":116,"column":null}},"14":{"start":{"line":111,"column":6},"end":{"line":115,"column":null}},"15":{"start":{"line":112,"column":8},"end":{"line":112,"column":null}},"16":{"start":{"line":114,"column":8},"end":{"line":114,"column":null}},"17":{"start":{"line":119,"column":23},"end":{"line":121,"column":null}},"18":{"start":{"line":123,"column":2},"end":{"line":128,"column":null}}},"fnMap":{"0":{"name":"parseNavigationIntent","decl":{"start":{"line":54,"column":22},"end":{"line":54,"column":44}},"loc":{"start":{"line":54,"column":86},"end":{"line":73,"column":null}},"line":54},"1":{"name":"parseIntentLocally","decl":{"start":{"line":82,"column":16},"end":{"line":82,"column":35}},"loc":{"start":{"line":82,"column":68},"end":{"line":129,"column":null}},"line":82}},"branchMap":{"0":{"loc":{"start":{"line":64,"column":12},"end":{"line":64,"column":null}},"type":"binary-expr","locations":[{"start":{"line":64,"column":12},"end":{"line":64,"column":27}},{"start":{"line":64,"column":27},"end":{"line":64,"column":null}}],"line":64},"1":{"loc":{"start":{"line":65,"column":10},"end":{"line":65,"column":null}},"type":"binary-expr","locations":[{"start":{"line":65,"column":10},"end":{"line":65,"column":23}},{"start":{"line":65,"column":23},"end":{"line":65,"column":null}}],"line":65},"2":{"loc":{"start":{"line":66,"column":12},"end":{"line":66,"column":null}},"type":"binary-expr","locations":[{"start":{"line":66,"column":12},"end":{"line":66,"column":27}},{"start":{"line":66,"column":27},"end":{"line":66,"column":null}}],"line":66},"3":{"loc":{"start":{"line":110,"column":4},"end":{"line":116,"column":null}},"type":"if","locations":[{"start":{"line":110,"column":4},"end":{"line":116,"column":null}},{"start":{},"end":{}}],"line":110},"4":{"loc":{"start":{"line":111,"column":6},"end":{"line":115,"column":null}},"type":"if","locations":[{"start":{"line":111,"column":6},"end":{"line":115,"column":null}},{"start":{"line":113,"column":13},"end":{"line":115,"column":null}}],"line":111},"5":{"loc":{"start":{"line":111,"column":10},"end":{"line":111,"column":72}},"type":"binary-expr","locations":[{"start":{"line":111,"column":10},"end":{"line":111,"column":32}},{"start":{"line":111,"column":32},"end":{"line":111,"column":72}}],"line":111},"6":{"loc":{"start":{"line":114,"column":13},"end":{"line":114,"column":null}},"type":"binary-expr","locations":[{"start":{"line":114,"column":13},"end":{"line":114,"column":19}},{"start":{"line":114,"column":19},"end":{"line":114,"column":null}}],"line":114},"7":{"loc":{"start":{"line":119,"column":23},"end":{"line":121,"column":null}},"type":"binary-expr","locations":[{"start":{"line":119,"column":23},"end":{"line":119,"column":47}},{"start":{"line":119,"column":47},"end":{"line":119,"column":70}},{"start":{"line":119,"column":70},"end":{"line":119,"column":null}},{"start":{"line":120,"column":4},"end":{"line":120,"column":27}},{"start":{"line":120,"column":27},"end":{"line":120,"column":53}},{"start":{"line":120,"column":53},"end":{"line":120,"column":null}},{"start":{"line":121,"column":4},"end":{"line":121,"column":null}}],"line":119},"8":{"loc":{"start":{"line":124,"column":10},"end":{"line":124,"column":null}},"type":"binary-expr","locations":[{"start":{"line":124,"column":10},"end":{"line":124,"column":18}},{"start":{"line":124,"column":18},"end":{"line":124,"column":null}}],"line":124},"9":{"loc":{"start":{"line":126,"column":10},"end":{"line":126,"column":null}},"type":"cond-expr","locations":[{"start":{"line":126,"column":15},"end":{"line":126,"column":30}},{"start":{"line":126,"column":30},"end":{"line":126,"column":null}}],"line":126},"10":{"loc":{"start":{"line":126,"column":30},"end":{"line":126,"column":null}},"type":"cond-expr","locations":[{"start":{"line":126,"column":45},"end":{"line":126,"column":65}},{"start":{"line":126,"column":65},"end":{"line":126,"column":null}}],"line":126}},"s":{"0":3,"1":5,"2":5,"3":5,"4":4,"5":4,"6":4,"7":4,"8":6,"9":6,"10":6,"11":6,"12":6,"13":108,"14":5,"15":0,"16":5,"17":6,"18":6},"f":{"0":5,"1":6},"b":{"0":[4,1],"1":[5,0],"2":[5,0],"3":[5,103],"4":[0,5],"5":[5,0],"6":[5,4],"7":[6,5,5,5,4,4,4],"8":[6,6],"9":[4,2],"10":[1,1]},"meta":{"lastBranch":11,"lastFunction":2,"lastStatement":19,"seen":{"s:24:29:24:Infinity":0,"f:54:22:54:44":0,"s:55:19:55:Infinity":1,"s:57:2:72:Infinity":2,"s:58:21:58:Infinity":3,"s:60:20:60:Infinity":4,"s:61:19:61:Infinity":5,"s:63:4:68:Infinity":6,"b:64:12:64:27:64:27:64:Infinity":0,"b:65:10:65:23:65:23:65:Infinity":1,"b:66:12:66:27:66:27:66:Infinity":2,"s:71:4:71:Infinity":7,"f:82:16:82:35":1,"s:83:12:83:Infinity":8,"s:85:51:104:Infinity":9,"s:106:26:106:Infinity":10,"s:107:28:107:Infinity":11,"s:109:2:117:Infinity":12,"b:110:4:116:Infinity:undefined:undefined:undefined:undefined":3,"s:110:4:116:Infinity":13,"b:111:6:115:Infinity:113:13:115:Infinity":4,"s:111:6:115:Infinity":14,"b:111:10:111:32:111:32:111:72":5,"s:112:8:112:Infinity":15,"s:114:8:114:Infinity":16,"b:114:13:114:19:114:19:114:Infinity":6,"s:119:23:121:Infinity":17,"b:119:23:119:47:119:47:119:70:119:70:119:Infinity:120:4:120:27:120:27:120:53:120:53:120:Infinity:121:4:121:Infinity":7,"s:123:2:128:Infinity":18,"b:124:10:124:18:124:18:124:Infinity":8,"b:126:15:126:30:126:30:126:Infinity":9,"b:126:45:126:65:126:65:126:Infinity":10},"fnNames":{}}}
,"C:\\Users\\user\\Downloads\\Smart Stadium & Tournament Operations\\src\\modules\\navigation\\stadiumMap.ts": {"path":"C:\\Users\\user\\Downloads\\Smart Stadium & Tournament Operations\\src\\modules\\navigation\\stadiumMap.ts","statementMap":{"0":{"start":{"line":26,"column":23},"end":{"line":26,"column":null}},"1":{"start":{"line":28,"column":2},"end":{"line":33,"column":null}},"2":{"start":{"line":29,"column":4},"end":{"line":29,"column":null}},"3":{"start":{"line":29,"column":29},"end":{"line":29,"column":null}},"4":{"start":{"line":30,"column":4},"end":{"line":30,"column":null}},"5":{"start":{"line":30,"column":27},"end":{"line":30,"column":null}},"6":{"start":{"line":31,"column":4},"end":{"line":31,"column":null}},"7":{"start":{"line":32,"column":4},"end":{"line":32,"column":null}},"8":{"start":{"line":35,"column":2},"end":{"line":35,"column":null}},"9":{"start":{"line":38,"column":14},"end":{"line":38,"column":null}},"10":{"start":{"line":48,"column":2},"end":{"line":50,"column":null}},"11":{"start":{"line":49,"column":4},"end":{"line":49,"column":null}},"12":{"start":{"line":52,"column":20},"end":{"line":52,"column":null}},"13":{"start":{"line":53,"column":19},"end":{"line":53,"column":null}},"14":{"start":{"line":54,"column":18},"end":{"line":54,"column":null}},"15":{"start":{"line":57,"column":2},"end":{"line":60,"column":null}},"16":{"start":{"line":58,"column":4},"end":{"line":58,"column":null}},"17":{"start":{"line":59,"column":4},"end":{"line":59,"column":null}},"18":{"start":{"line":61,"column":2},"end":{"line":61,"column":null}},"19":{"start":{"line":63,"column":2},"end":{"line":87,"column":null}},"20":{"start":{"line":65,"column":33},"end":{"line":65,"column":null}},"21":{"start":{"line":66,"column":18},"end":{"line":66,"column":null}},"22":{"start":{"line":68,"column":4},"end":{"line":73,"column":null}},"23":{"start":{"line":69,"column":6},"end":{"line":72,"column":null}},"24":{"start":{"line":70,"column":8},"end":{"line":70,"column":null}},"25":{"start":{"line":71,"column":8},"end":{"line":71,"column":null}},"26":{"start":{"line":75,"column":4},"end":{"line":75,"column":null}},"27":{"start":{"line":75,"column":46},"end":{"line":75,"column":null}},"28":{"start":{"line":76,"column":4},"end":{"line":76,"column":null}},"29":{"start":{"line":78,"column":22},"end":{"line":78,"column":null}},"30":{"start":{"line":79,"column":4},"end":{"line":86,"column":null}},"31":{"start":{"line":80,"column":6},"end":{"line":80,"column":null}},"32":{"start":{"line":80,"column":36},"end":{"line":80,"column":null}},"33":{"start":{"line":81,"column":22},"end":{"line":81,"column":null}},"34":{"start":{"line":82,"column":6},"end":{"line":85,"column":null}},"35":{"start":{"line":83,"column":8},"end":{"line":83,"column":null}},"36":{"start":{"line":84,"column":8},"end":{"line":84,"column":null}},"37":{"start":{"line":90,"column":2},"end":{"line":92,"column":null}},"38":{"start":{"line":91,"column":4},"end":{"line":91,"column":null}},"39":{"start":{"line":94,"column":25},"end":{"line":94,"column":null}},"40":{"start":{"line":95,"column":28},"end":{"line":95,"column":null}},"41":{"start":{"line":96,"column":2},"end":{"line":99,"column":null}},"42":{"start":{"line":97,"column":4},"end":{"line":97,"column":null}},"43":{"start":{"line":98,"column":4},"end":{"line":98,"column":null}},"44":{"start":{"line":102,"column":34},"end":{"line":102,"column":null}},"45":{"start":{"line":103,"column":2},"end":{"line":113,"column":null}},"46":{"start":{"line":103,"column":15},"end":{"line":103,"column":18}},"47":{"start":{"line":104,"column":18},"end":{"line":104,"column":null}},"48":{"start":{"line":105,"column":17},"end":{"line":105,"column":null}},"49":{"start":{"line":105,"column":35},"end":{"line":105,"column":55}},"50":{"start":{"line":106,"column":23},"end":{"line":106,"column":null}},"51":{"start":{"line":106,"column":53},"end":{"line":106,"column":73}},"52":{"start":{"line":108,"column":4},"end":{"line":112,"column":null}},"53":{"start":{"line":115,"column":2},"end":{"line":115,"column":null}},"54":{"start":{"line":125,"column":12},"end":{"line":125,"column":null}},"55":{"start":{"line":128,"column":22},"end":{"line":128,"column":null}},"56":{"start":{"line":128,"column":52},"end":{"line":128,"column":62}},"57":{"start":{"line":129,"column":2},"end":{"line":129,"column":null}},"58":{"start":{"line":129,"column":19},"end":{"line":129,"column":null}},"59":{"start":{"line":132,"column":20},"end":{"line":134,"column":null}},"60":{"start":{"line":133,"column":11},"end":{"line":133,"column":null}},"61":{"start":{"line":135,"column":2},"end":{"line":135,"column":null}},"62":{"start":{"line":135,"column":17},"end":{"line":135,"column":null}},"63":{"start":{"line":138,"column":20},"end":{"line":140,"column":null}},"64":{"start":{"line":139,"column":11},"end":{"line":139,"column":null}},"65":{"start":{"line":141,"column":2},"end":{"line":141,"column":null}},"66":{"start":{"line":141,"column":17},"end":{"line":141,"column":null}},"67":{"start":{"line":143,"column":2},"end":{"line":143,"column":null}},"68":{"start":{"line":152,"column":2},"end":{"line":152,"column":null}}},"fnMap":{"0":{"name":"buildGraph","decl":{"start":{"line":25,"column":9},"end":{"line":25,"column":31}},"loc":{"start":{"line":25,"column":31},"end":{"line":36,"column":null}},"line":25},"1":{"name":"findRoute","decl":{"start":{"line":47,"column":16},"end":{"line":47,"column":26}},"loc":{"start":{"line":47,"column":81},"end":{"line":116,"column":null}},"line":47},"2":{"name":"(anonymous_2)","decl":{"start":{"line":105,"column":23},"end":{"line":105,"column":29}},"loc":{"start":{"line":105,"column":35},"end":{"line":105,"column":55}},"line":105},"3":{"name":"(anonymous_3)","decl":{"start":{"line":106,"column":41},"end":{"line":106,"column":47}},"loc":{"start":{"line":106,"column":53},"end":{"line":106,"column":73}},"line":106},"4":{"name":"resolveLocation","decl":{"start":{"line":124,"column":16},"end":{"line":124,"column":32}},"loc":{"start":{"line":124,"column":62},"end":{"line":144,"column":null}},"line":124},"5":{"name":"(anonymous_5)","decl":{"start":{"line":128,"column":40},"end":{"line":128,"column":46}},"loc":{"start":{"line":128,"column":52},"end":{"line":128,"column":62}},"line":128},"6":{"name":"(anonymous_6)","decl":{"start":{"line":132,"column":38},"end":{"line":132,"column":null}},"loc":{"start":{"line":133,"column":11},"end":{"line":133,"column":null}},"line":133},"7":{"name":"(anonymous_7)","decl":{"start":{"line":138,"column":38},"end":{"line":138,"column":null}},"loc":{"start":{"line":139,"column":11},"end":{"line":139,"column":null}},"line":139},"8":{"name":"getAllLocations","decl":{"start":{"line":151,"column":16},"end":{"line":151,"column":34}},"loc":{"start":{"line":151,"column":34},"end":{"line":153,"column":null}},"line":151}},"branchMap":{"0":{"loc":{"start":{"line":29,"column":4},"end":{"line":29,"column":null}},"type":"if","locations":[{"start":{"line":29,"column":4},"end":{"line":29,"column":null}},{"start":{},"end":{}}],"line":29},"1":{"loc":{"start":{"line":30,"column":4},"end":{"line":30,"column":null}},"type":"if","locations":[{"start":{"line":30,"column":4},"end":{"line":30,"column":null}},{"start":{},"end":{}}],"line":30},"2":{"loc":{"start":{"line":48,"column":2},"end":{"line":50,"column":null}},"type":"if","locations":[{"start":{"line":48,"column":2},"end":{"line":50,"column":null}},{"start":{},"end":{}}],"line":48},"3":{"loc":{"start":{"line":69,"column":6},"end":{"line":72,"column":null}},"type":"if","locations":[{"start":{"line":69,"column":6},"end":{"line":72,"column":null}},{"start":{},"end":{}}],"line":69},"4":{"loc":{"start":{"line":69,"column":10},"end":{"line":69,"column":48}},"type":"binary-expr","locations":[{"start":{"line":69,"column":10},"end":{"line":69,"column":32}},{"start":{"line":69,"column":32},"end":{"line":69,"column":48}}],"line":69},"5":{"loc":{"start":{"line":75,"column":4},"end":{"line":75,"column":null}},"type":"if","locations":[{"start":{"line":75,"column":4},"end":{"line":75,"column":null}},{"start":{},"end":{}}],"line":75},"6":{"loc":{"start":{"line":75,"column":8},"end":{"line":75,"column":46}},"type":"binary-expr","locations":[{"start":{"line":75,"column":8},"end":{"line":75,"column":28}},{"start":{"line":75,"column":28},"end":{"line":75,"column":46}}],"line":75},"7":{"loc":{"start":{"line":78,"column":22},"end":{"line":78,"column":null}},"type":"binary-expr","locations":[{"start":{"line":78,"column":22},"end":{"line":78,"column":44}},{"start":{"line":78,"column":44},"end":{"line":78,"column":null}}],"line":78},"8":{"loc":{"start":{"line":80,"column":6},"end":{"line":80,"column":null}},"type":"if","locations":[{"start":{"line":80,"column":6},"end":{"line":80,"column":null}},{"start":{},"end":{}}],"line":80},"9":{"loc":{"start":{"line":82,"column":6},"end":{"line":85,"column":null}},"type":"if","locations":[{"start":{"line":82,"column":6},"end":{"line":85,"column":null}},{"start":{},"end":{}}],"line":82},"10":{"loc":{"start":{"line":82,"column":21},"end":{"line":82,"column":62}},"type":"binary-expr","locations":[{"start":{"line":82,"column":21},"end":{"line":82,"column":51}},{"start":{"line":82,"column":51},"end":{"line":82,"column":62}}],"line":82},"11":{"loc":{"start":{"line":90,"column":2},"end":{"line":92,"column":null}},"type":"if","locations":[{"start":{"line":90,"column":2},"end":{"line":92,"column":null}},{"start":{},"end":{}}],"line":90},"12":{"loc":{"start":{"line":90,"column":6},"end":{"line":90,"column":77}},"type":"binary-expr","locations":[{"start":{"line":90,"column":6},"end":{"line":90,"column":30}},{"start":{"line":90,"column":24},"end":{"line":90,"column":77}}],"line":90},"13":{"loc":{"start":{"line":90,"column":30},"end":{"line":90,"column":67}},"type":"binary-expr","locations":[{"start":{"line":90,"column":30},"end":{"line":90,"column":53}},{"start":{"line":90,"column":53},"end":{"line":90,"column":67}}],"line":90},"14":{"loc":{"start":{"line":98,"column":11},"end":{"line":98,"column":null}},"type":"binary-expr","locations":[{"start":{"line":98,"column":11},"end":{"line":98,"column":33}},{"start":{"line":98,"column":33},"end":{"line":98,"column":null}}],"line":98},"15":{"loc":{"start":{"line":104,"column":18},"end":{"line":104,"column":null}},"type":"binary-expr","locations":[{"start":{"line":104,"column":18},"end":{"line":104,"column":40}},{"start":{"line":104,"column":40},"end":{"line":104,"column":null}}],"line":104},"16":{"loc":{"start":{"line":109,"column":19},"end":{"line":109,"column":null}},"type":"binary-expr","locations":[{"start":{"line":109,"column":19},"end":{"line":109,"column":40}},{"start":{"line":109,"column":40},"end":{"line":109,"column":null}}],"line":109},"17":{"loc":{"start":{"line":109,"column":55},"end":{"line":109,"column":null}},"type":"binary-expr","locations":[{"start":{"line":109,"column":55},"end":{"line":109,"column":75}},{"start":{"line":109,"column":75},"end":{"line":109,"column":null}}],"line":109},"18":{"loc":{"start":{"line":110,"column":16},"end":{"line":110,"column":null}},"type":"binary-expr","locations":[{"start":{"line":110,"column":16},"end":{"line":110,"column":34}},{"start":{"line":110,"column":34},"end":{"line":110,"column":null}}],"line":110},"19":{"loc":{"start":{"line":129,"column":2},"end":{"line":129,"column":null}},"type":"if","locations":[{"start":{"line":129,"column":2},"end":{"line":129,"column":null}},{"start":{},"end":{}}],"line":129},"20":{"loc":{"start":{"line":133,"column":11},"end":{"line":133,"column":null}},"type":"binary-expr","locations":[{"start":{"line":133,"column":11},"end":{"line":133,"column":47}},{"start":{"line":133,"column":47},"end":{"line":133,"column":null}}],"line":133},"21":{"loc":{"start":{"line":135,"column":2},"end":{"line":135,"column":null}},"type":"if","locations":[{"start":{"line":135,"column":2},"end":{"line":135,"column":null}},{"start":{},"end":{}}],"line":135},"22":{"loc":{"start":{"line":139,"column":11},"end":{"line":139,"column":null}},"type":"binary-expr","locations":[{"start":{"line":139,"column":11},"end":{"line":139,"column":47}},{"start":{"line":139,"column":47},"end":{"line":139,"column":null}}],"line":139},"23":{"loc":{"start":{"line":141,"column":2},"end":{"line":141,"column":null}},"type":"if","locations":[{"start":{"line":141,"column":2},"end":{"line":141,"column":null}},{"start":{},"end":{}}],"line":141}},"s":{"0":3,"1":3,"2":54,"3":18,"4":54,"5":36,"6":54,"7":54,"8":3,"9":3,"10":4,"11":0,"12":4,"13":4,"14":4,"15":4,"16":72,"17":72,"18":4,"19":4,"20":24,"21":24,"22":24,"23":434,"24":54,"25":54,"26":24,"27":4,"28":20,"29":20,"30":24,"31":66,"32":17,"33":49,"34":49,"35":48,"36":48,"37":4,"38":1,"39":3,"40":3,"41":3,"42":9,"43":9,"44":3,"45":3,"46":3,"47":6,"48":6,"49":22,"50":6,"51":51,"52":6,"53":6,"54":5,"55":5,"56":68,"57":5,"58":2,"59":3,"60":32,"61":3,"62":2,"63":1,"64":18,"65":1,"66":0,"67":1,"68":1},"f":{"0":3,"1":4,"2":22,"3":51,"4":5,"5":68,"6":32,"7":18,"8":1},"b":{"0":[18,36],"1":[36,18],"2":[0,4],"3":[54,380],"4":[434,361],"5":[4,20],"6":[24,23],"7":[20,1],"8":[17,49],"9":[48,1],"10":[49,0],"11":[1,3],"12":[4,4],"13":[4,0],"14":[9,3],"15":[6,0],"16":[6,0],"17":[0,0],"18":[6,0],"19":[2,3],"20":[32,30],"21":[2,1],"22":[18,18],"23":[0,1]},"meta":{"lastBranch":24,"lastFunction":9,"lastStatement":69,"seen":{"f:25:9:25:31":0,"s:26:23:26:Infinity":0,"s:28:2:33:Infinity":1,"b:29:4:29:Infinity:undefined:undefined:undefined:undefined":0,"s:29:4:29:Infinity":2,"s:29:29:29:Infinity":3,"b:30:4:30:Infinity:undefined:undefined:undefined:undefined":1,"s:30:4:30:Infinity":4,"s:30:27:30:Infinity":5,"s:31:4:31:Infinity":6,"s:32:4:32:Infinity":7,"s:35:2:35:Infinity":8,"s:38:14:38:Infinity":9,"f:47:16:47:26":1,"b:48:2:50:Infinity:undefined:undefined:undefined:undefined":2,"s:48:2:50:Infinity":10,"s:49:4:49:Infinity":11,"s:52:20:52:Infinity":12,"s:53:19:53:Infinity":13,"s:54:18:54:Infinity":14,"s:57:2:60:Infinity":15,"s:58:4:58:Infinity":16,"s:59:4:59:Infinity":17,"s:61:2:61:Infinity":18,"s:63:2:87:Infinity":19,"s:65:33:65:Infinity":20,"s:66:18:66:Infinity":21,"s:68:4:73:Infinity":22,"b:69:6:72:Infinity:undefined:undefined:undefined:undefined":3,"s:69:6:72:Infinity":23,"b:69:10:69:32:69:32:69:48":4,"s:70:8:70:Infinity":24,"s:71:8:71:Infinity":25,"b:75:4:75:Infinity:undefined:undefined:undefined:undefined":5,"s:75:4:75:Infinity":26,"b:75:8:75:28:75:28:75:46":6,"s:75:46:75:Infinity":27,"s:76:4:76:Infinity":28,"s:78:22:78:Infinity":29,"b:78:22:78:44:78:44:78:Infinity":7,"s:79:4:86:Infinity":30,"b:80:6:80:Infinity:undefined:undefined:undefined:undefined":8,"s:80:6:80:Infinity":31,"s:80:36:80:Infinity":32,"s:81:22:81:Infinity":33,"b:82:6:85:Infinity:undefined:undefined:undefined:undefined":9,"s:82:6:85:Infinity":34,"b:82:21:82:51:82:51:82:62":10,"s:83:8:83:Infinity":35,"s:84:8:84:Infinity":36,"b:90:2:92:Infinity:undefined:undefined:undefined:undefined":11,"s:90:2:92:Infinity":37,"b:90:6:90:30:90:24:90:77":12,"b:90:30:90:53:90:53:90:67":13,"s:91:4:91:Infinity":38,"s:94:25:94:Infinity":39,"s:95:28:95:Infinity":40,"s:96:2:99:Infinity":41,"s:97:4:97:Infinity":42,"s:98:4:98:Infinity":43,"b:98:11:98:33:98:33:98:Infinity":14,"s:102:34:102:Infinity":44,"s:103:2:113:Infinity":45,"s:103:15:103:18":46,"s:104:18:104:Infinity":47,"b:104:18:104:40:104:40:104:Infinity":15,"s:105:17:105:Infinity":48,"f:105:23:105:29":2,"s:105:35:105:55":49,"s:106:23:106:Infinity":50,"f:106:41:106:47":3,"s:106:53:106:73":51,"s:108:4:112:Infinity":52,"b:109:19:109:40:109:40:109:Infinity":16,"b:109:55:109:75:109:75:109:Infinity":17,"b:110:16:110:34:110:34:110:Infinity":18,"s:115:2:115:Infinity":53,"f:124:16:124:32":4,"s:125:12:125:Infinity":54,"s:128:22:128:Infinity":55,"f:128:40:128:46":5,"s:128:52:128:62":56,"b:129:2:129:Infinity:undefined:undefined:undefined:undefined":19,"s:129:2:129:Infinity":57,"s:129:19:129:Infinity":58,"s:132:20:134:Infinity":59,"f:132:38:132:Infinity":6,"s:133:11:133:Infinity":60,"b:133:11:133:47:133:47:133:Infinity":20,"b:135:2:135:Infinity:undefined:undefined:undefined:undefined":21,"s:135:2:135:Infinity":61,"s:135:17:135:Infinity":62,"s:138:20:140:Infinity":63,"f:138:38:138:Infinity":7,"s:139:11:139:Infinity":64,"b:139:11:139:47:139:47:139:Infinity":22,"b:141:2:141:Infinity:undefined:undefined:undefined:undefined":23,"s:141:2:141:Infinity":65,"s:141:17:141:Infinity":66,"s:143:2:143:Infinity":67,"f:151:16:151:34":8,"s:152:2:152:Infinity":68},"fnNames":{}}}
,"C:\\Users\\user\\Downloads\\Smart Stadium & Tournament Operations\\src\\modules\\navigation\\useNavigationChat.ts": {"path":"C:\\Users\\user\\Downloads\\Smart Stadium & Tournament Operations\\src\\modules\\navigation\\useNavigationChat.ts","statementMap":{"0":{"start":{"line":6,"column":34},"end":{"line":47,"column":null}},"1":{"start":{"line":7,"column":19},"end":{"line":7,"column":null}},"2":{"start":{"line":10,"column":4},"end":{"line":44,"column":null}},"3":{"start":{"line":11,"column":21},"end":{"line":11,"column":null}},"4":{"start":{"line":12,"column":12},"end":{"line":12,"column":null}},"5":{"start":{"line":13,"column":12},"end":{"line":13,"column":null}},"6":{"start":{"line":15,"column":6},"end":{"line":23,"column":null}},"7":{"start":{"line":16,"column":26},"end":{"line":16,"column":null}},"8":{"start":{"line":16,"column":52},"end":{"line":16,"column":71}},"9":{"start":{"line":17,"column":22},"end":{"line":19,"column":null}},"10":{"start":{"line":18,"column":28},"end":{"line":18,"column":104}},"11":{"start":{"line":20,"column":8},"end":{"line":20,"column":null}},"12":{"start":{"line":22,"column":8},"end":{"line":22,"column":null}},"13":{"start":{"line":24,"column":11},"end":{"line":44,"column":null}},"14":{"start":{"line":25,"column":25},"end":{"line":25,"column":null}},"15":{"start":{"line":26,"column":6},"end":{"line":36,"column":null}},"16":{"start":{"line":27,"column":14},"end":{"line":27,"column":null}},"17":{"start":{"line":28,"column":8},"end":{"line":33,"column":null}},"18":{"start":{"line":29,"column":24},"end":{"line":29,"column":null}},"19":{"start":{"line":29,"column":44},"end":{"line":29,"column":72}},"20":{"start":{"line":30,"column":10},"end":{"line":30,"column":null}},"21":{"start":{"line":32,"column":10},"end":{"line":32,"column":null}},"22":{"start":{"line":35,"column":8},"end":{"line":35,"column":null}},"23":{"start":{"line":39,"column":6},"end":{"line":43,"column":null}},"24":{"start":{"line":41,"column":39},"end":{"line":41,"column":45}},"25":{"start":{"line":46,"column":4},"end":{"line":46,"column":null}},"26":{"start":{"line":49,"column":2},"end":{"line":49,"column":null}}},"fnMap":{"0":{"name":"useNavigationChat","decl":{"start":{"line":5,"column":16},"end":{"line":5,"column":36}},"loc":{"start":{"line":5,"column":36},"end":{"line":50,"column":null}},"line":5},"1":{"name":"(anonymous_1)","decl":{"start":{"line":6,"column":34},"end":{"line":6,"column":41}},"loc":{"start":{"line":6,"column":58},"end":{"line":47,"column":null}},"line":6},"2":{"name":"(anonymous_2)","decl":{"start":{"line":16,"column":32},"end":{"line":16,"column":40}},"loc":{"start":{"line":16,"column":52},"end":{"line":16,"column":71}},"line":16},"3":{"name":"(anonymous_3)","decl":{"start":{"line":18,"column":11},"end":{"line":18,"column":16}},"loc":{"start":{"line":18,"column":28},"end":{"line":18,"column":104}},"line":18},"4":{"name":"(anonymous_4)","decl":{"start":{"line":29,"column":30},"end":{"line":29,"column":35}},"loc":{"start":{"line":29,"column":44},"end":{"line":29,"column":72}},"line":29},"5":{"name":"(anonymous_5)","decl":{"start":{"line":41,"column":28},"end":{"line":41,"column":33}},"loc":{"start":{"line":41,"column":39},"end":{"line":41,"column":45}},"line":41}},"branchMap":{"0":{"loc":{"start":{"line":10,"column":4},"end":{"line":44,"column":null}},"type":"if","locations":[{"start":{"line":10,"column":4},"end":{"line":44,"column":null}},{"start":{"line":24,"column":11},"end":{"line":44,"column":null}}],"line":10},"1":{"loc":{"start":{"line":10,"column":8},"end":{"line":10,"column":51}},"type":"binary-expr","locations":[{"start":{"line":10,"column":8},"end":{"line":10,"column":40}},{"start":{"line":10,"column":40},"end":{"line":10,"column":51}}],"line":10},"2":{"loc":{"start":{"line":11,"column":21},"end":{"line":11,"column":null}},"type":"binary-expr","locations":[{"start":{"line":11,"column":21},"end":{"line":11,"column":36}},{"start":{"line":11,"column":36},"end":{"line":11,"column":null}}],"line":11},"3":{"loc":{"start":{"line":12,"column":12},"end":{"line":12,"column":null}},"type":"binary-expr","locations":[{"start":{"line":12,"column":12},"end":{"line":12,"column":49}},{"start":{"line":12,"column":49},"end":{"line":12,"column":null}}],"line":12},"4":{"loc":{"start":{"line":15,"column":6},"end":{"line":23,"column":null}},"type":"if","locations":[{"start":{"line":15,"column":6},"end":{"line":23,"column":null}},{"start":{"line":21,"column":13},"end":{"line":23,"column":null}}],"line":15},"5":{"loc":{"start":{"line":18,"column":60},"end":{"line":18,"column":104}},"type":"cond-expr","locations":[{"start":{"line":18,"column":76},"end":{"line":18,"column":100}},{"start":{"line":18,"column":100},"end":{"line":18,"column":104}}],"line":18},"6":{"loc":{"start":{"line":24,"column":11},"end":{"line":44,"column":null}},"type":"if","locations":[{"start":{"line":24,"column":11},"end":{"line":44,"column":null}},{"start":{"line":37,"column":11},"end":{"line":44,"column":null}}],"line":24},"7":{"loc":{"start":{"line":25,"column":25},"end":{"line":25,"column":null}},"type":"cond-expr","locations":[{"start":{"line":25,"column":32},"end":{"line":25,"column":66}},{"start":{"line":25,"column":66},"end":{"line":25,"column":null}}],"line":25},"8":{"loc":{"start":{"line":26,"column":6},"end":{"line":36,"column":null}},"type":"if","locations":[{"start":{"line":26,"column":6},"end":{"line":36,"column":null}},{"start":{"line":34,"column":13},"end":{"line":36,"column":null}}],"line":26},"9":{"loc":{"start":{"line":28,"column":8},"end":{"line":33,"column":null}},"type":"if","locations":[{"start":{"line":28,"column":8},"end":{"line":33,"column":null}},{"start":{"line":31,"column":15},"end":{"line":33,"column":null}}],"line":28}},"s":{"0":4,"1":3,"2":3,"3":2,"4":2,"5":2,"6":2,"7":2,"8":3,"9":2,"10":3,"11":2,"12":0,"13":1,"14":1,"15":1,"16":0,"17":0,"18":0,"19":0,"20":0,"21":0,"22":1,"23":0,"24":0,"25":3,"26":4},"f":{"0":4,"1":3,"2":3,"3":3,"4":0,"5":0},"b":{"0":[2,1],"1":[3,2],"2":[2,0],"3":[2,0],"4":[2,0],"5":[3,0],"6":[1,0],"7":[0,1],"8":[0,1],"9":[0,0]},"meta":{"lastBranch":10,"lastFunction":6,"lastStatement":27,"seen":{"f:5:16:5:36":0,"s:6:34:47:Infinity":0,"f:6:34:6:41":1,"s:7:19:7:Infinity":1,"b:10:4:44:Infinity:24:11:44:Infinity":0,"s:10:4:44:Infinity":2,"b:10:8:10:40:10:40:10:51":1,"s:11:21:11:Infinity":3,"b:11:21:11:36:11:36:11:Infinity":2,"s:12:12:12:Infinity":4,"b:12:12:12:49:12:49:12:Infinity":3,"s:13:12:13:Infinity":5,"b:15:6:23:Infinity:21:13:23:Infinity":4,"s:15:6:23:Infinity":6,"s:16:26:16:Infinity":7,"f:16:32:16:40":2,"s:16:52:16:71":8,"s:17:22:19:Infinity":9,"f:18:11:18:16":3,"s:18:28:18:104":10,"b:18:76:18:100:18:100:18:104":5,"s:20:8:20:Infinity":11,"s:22:8:22:Infinity":12,"b:24:11:44:Infinity:37:11:44:Infinity":6,"s:24:11:44:Infinity":13,"s:25:25:25:Infinity":14,"b:25:32:25:66:25:66:25:Infinity":7,"b:26:6:36:Infinity:34:13:36:Infinity":8,"s:26:6:36:Infinity":15,"s:27:14:27:Infinity":16,"b:28:8:33:Infinity:31:15:33:Infinity":9,"s:28:8:33:Infinity":17,"s:29:24:29:Infinity":18,"f:29:30:29:35":4,"s:29:44:29:72":19,"s:30:10:30:Infinity":20,"s:32:10:32:Infinity":21,"s:35:8:35:Infinity":22,"s:39:6:43:Infinity":23,"f:41:28:41:33":5,"s:41:39:41:45":24,"s:46:4:46:Infinity":25,"s:49:2:49:Infinity":26},"fnNames":{}}}
,"C:\\Users\\user\\Downloads\\Smart Stadium & Tournament Operations\\src\\modules\\operations\\useOperationsSummary.ts": {"path":"C:\\Users\\user\\Downloads\\Smart Stadium & Tournament Operations\\src\\modules\\operations\\useOperationsSummary.ts","statementMap":{"0":{"start":{"line":8,"column":35},"end":{"line":11,"column":null}},"1":{"start":{"line":14,"column":18},"end":{"line":14,"column":null}},"2":{"start":{"line":15,"column":23},"end":{"line":15,"column":null}},"3":{"start":{"line":17,"column":8},"end":{"line":27,"column":null}},"4":{"start":{"line":18,"column":4},"end":{"line":18,"column":null}},"5":{"start":{"line":19,"column":4},"end":{"line":26,"column":null}},"6":{"start":{"line":20,"column":12},"end":{"line":20,"column":null}},"7":{"start":{"line":21,"column":12},"end":{"line":21,"column":null}},"8":{"start":{"line":22,"column":21},"end":{"line":22,"column":null}},"9":{"start":{"line":23,"column":6},"end":{"line":23,"column":null}},"10":{"start":{"line":25,"column":6},"end":{"line":25,"column":null}},"11":{"start":{"line":29,"column":2},"end":{"line":33,"column":null}}},"fnMap":{"0":{"name":"useOperationsSummary","decl":{"start":{"line":13,"column":16},"end":{"line":13,"column":39}},"loc":{"start":{"line":13,"column":39},"end":{"line":34,"column":null}},"line":13},"1":{"name":"(anonymous_1)","decl":{"start":{"line":17,"column":38},"end":{"line":17,"column":50}},"loc":{"start":{"line":17,"column":50},"end":{"line":27,"column":5}},"line":17}},"branchMap":{},"s":{"0":1,"1":1,"2":1,"3":1,"4":0,"5":0,"6":0,"7":0,"8":0,"9":0,"10":0,"11":1},"f":{"0":1,"1":0},"b":{},"meta":{"lastBranch":0,"lastFunction":2,"lastStatement":12,"seen":{"s:8:35:11:Infinity":0,"f:13:16:13:39":0,"s:14:18:14:Infinity":1,"s:15:23:15:Infinity":2,"s:17:8:27:Infinity":3,"f:17:38:17:50":1,"s:18:4:18:Infinity":4,"s:19:4:26:Infinity":5,"s:20:12:20:Infinity":6,"s:21:12:21:Infinity":7,"s:22:21:22:Infinity":8,"s:23:6:23:Infinity":9,"s:25:6:25:Infinity":10,"s:29:2:33:Infinity":11},"fnNames":{}}}
,"C:\\Users\\user\\Downloads\\Smart Stadium & Tournament Operations\\src\\modules\\operations-summary\\summaryGenerator.ts": {"path":"C:\\Users\\user\\Downloads\\Smart Stadium & Tournament Operations\\src\\modules\\operations-summary\\summaryGenerator.ts","statementMap":{"0":{"start":{"line":16,"column":30},"end":{"line":16,"column":null}},"1":{"start":{"line":50,"column":18},"end":{"line":65,"column":null}},"2":{"start":{"line":51,"column":33},"end":{"line":54,"column":6}},"3":{"start":{"line":55,"column":37},"end":{"line":59,"column":6}},"4":{"start":{"line":60,"column":41},"end":{"line":64,"column":6}},"5":{"start":{"line":67,"column":2},"end":{"line":93,"column":null}},"6":{"start":{"line":68,"column":21},"end":{"line":68,"column":null}},"7":{"start":{"line":69,"column":20},"end":{"line":69,"column":null}},"8":{"start":{"line":70,"column":19},"end":{"line":70,"column":null}},"9":{"start":{"line":72,"column":4},"end":{"line":81,"column":null}},"10":{"start":{"line":83,"column":4},"end":{"line":92,"column":null}}},"fnMap":{"0":{"name":"generateDailySummary","decl":{"start":{"line":45,"column":22},"end":{"line":45,"column":null}},"loc":{"start":{"line":49,"column":30},"end":{"line":94,"column":null}},"line":49},"1":{"name":"(anonymous_1)","decl":{"start":{"line":51,"column":21},"end":{"line":51,"column":26}},"loc":{"start":{"line":51,"column":33},"end":{"line":54,"column":6}},"line":51},"2":{"name":"(anonymous_2)","decl":{"start":{"line":55,"column":25},"end":{"line":55,"column":30}},"loc":{"start":{"line":55,"column":37},"end":{"line":59,"column":6}},"line":55},"3":{"name":"(anonymous_3)","decl":{"start":{"line":60,"column":29},"end":{"line":60,"column":34}},"loc":{"start":{"line":60,"column":41},"end":{"line":64,"column":6}},"line":60}},"branchMap":{"0":{"loc":{"start":{"line":75,"column":30},"end":{"line":75,"column":81}},"type":"binary-expr","locations":[{"start":{"line":75,"column":30},"end":{"line":75,"column":56}},{"start":{"line":75,"column":56},"end":{"line":75,"column":81}}],"line":75},"1":{"loc":{"start":{"line":76,"column":33},"end":{"line":76,"column":85}},"type":"binary-expr","locations":[{"start":{"line":76,"column":33},"end":{"line":76,"column":62}},{"start":{"line":76,"column":62},"end":{"line":76,"column":85}}],"line":76},"2":{"loc":{"start":{"line":77,"column":34},"end":{"line":77,"column":92}},"type":"binary-expr","locations":[{"start":{"line":77,"column":34},"end":{"line":77,"column":64}},{"start":{"line":77,"column":64},"end":{"line":77,"column":92}}],"line":77},"3":{"loc":{"start":{"line":78,"column":39},"end":{"line":78,"column":91}},"type":"binary-expr","locations":[{"start":{"line":78,"column":39},"end":{"line":78,"column":74}},{"start":{"line":78,"column":74},"end":{"line":78,"column":91}}],"line":78},"4":{"loc":{"start":{"line":79,"column":27},"end":{"line":79,"column":58}},"type":"binary-expr","locations":[{"start":{"line":79,"column":27},"end":{"line":79,"column":56}},{"start":{"line":79,"column":56},"end":{"line":79,"column":58}}],"line":79},"5":{"loc":{"start":{"line":80,"column":21},"end":{"line":80,"column":null}},"type":"binary-expr","locations":[{"start":{"line":80,"column":21},"end":{"line":80,"column":45}},{"start":{"line":80,"column":45},"end":{"line":80,"column":null}}],"line":80}},"s":{"0":2,"1":2,"2":0,"3":2,"4":0,"5":2,"6":2,"7":1,"8":1,"9":1,"10":1},"f":{"0":2,"1":0,"2":2,"3":0},"b":{"0":[1,0],"1":[2,0],"2":[2,0],"3":[2,0],"4":[2,0],"5":[2,0]},"meta":{"lastBranch":6,"lastFunction":4,"lastStatement":11,"seen":{"s:16:30:16:Infinity":0,"f:45:22:45:Infinity":0,"s:50:18:65:Infinity":1,"f:51:21:51:26":1,"s:51:33:54:6":2,"f:55:25:55:30":2,"s:55:37:59:6":3,"f:60:29:60:34":3,"s:60:41:64:6":4,"s:67:2:93:Infinity":5,"s:68:21:68:Infinity":6,"s:69:20:69:Infinity":7,"s:70:19:70:Infinity":8,"s:72:4:81:Infinity":9,"b:75:30:75:56:75:56:75:81":0,"b:76:33:76:62:76:62:76:85":1,"b:77:34:77:64:77:64:77:92":2,"b:78:39:78:74:78:74:78:91":3,"b:79:27:79:56:79:56:79:58":4,"b:80:21:80:45:80:45:80:Infinity":5,"s:83:4:92:Infinity":10},"fnNames":{}}}
,"C:\\Users\\user\\Downloads\\Smart Stadium & Tournament Operations\\src\\modules\\sustainability-transport\\carbonCalculator.ts": {"path":"C:\\Users\\user\\Downloads\\Smart Stadium & Tournament Operations\\src\\modules\\sustainability-transport\\carbonCalculator.ts","statementMap":{"0":{"start":{"line":14,"column":25},"end":{"line":25,"column":null}},"1":{"start":{"line":40,"column":23},"end":{"line":40,"column":null}},"2":{"start":{"line":41,"column":8},"end":{"line":41,"column":null}},"3":{"start":{"line":42,"column":26},"end":{"line":42,"column":null}},"4":{"start":{"line":44,"column":2},"end":{"line":44,"column":null}},"5":{"start":{"line":55,"column":2},"end":{"line":55,"column":null}},"6":{"start":{"line":55,"column":20},"end":{"line":55,"column":null}},"7":{"start":{"line":56,"column":2},"end":{"line":56,"column":null}},"8":{"start":{"line":72,"column":2},"end":{"line":73,"column":null}},"9":{"start":{"line":83,"column":2},"end":{"line":85,"column":null}},"10":{"start":{"line":84,"column":4},"end":{"line":84,"column":null}},"11":{"start":{"line":86,"column":2},"end":{"line":86,"column":null}}},"fnMap":{"0":{"name":"calculateCarbonFootprint","decl":{"start":{"line":35,"column":16},"end":{"line":35,"column":null}},"loc":{"start":{"line":39,"column":10},"end":{"line":45,"column":null}},"line":39},"1":{"name":"calculateRecyclingRate","decl":{"start":{"line":54,"column":16},"end":{"line":54,"column":39}},"loc":{"start":{"line":54,"column":84},"end":{"line":57,"column":null}},"line":54},"2":{"name":"calculateTransportCarbon","decl":{"start":{"line":67,"column":16},"end":{"line":67,"column":null}},"loc":{"start":{"line":71,"column":10},"end":{"line":74,"column":null}},"line":71},"3":{"name":"formatCarbon","decl":{"start":{"line":82,"column":16},"end":{"line":82,"column":29}},"loc":{"start":{"line":82,"column":55},"end":{"line":87,"column":null}},"line":82}},"branchMap":{"0":{"loc":{"start":{"line":55,"column":2},"end":{"line":55,"column":null}},"type":"if","locations":[{"start":{"line":55,"column":2},"end":{"line":55,"column":null}},{"start":{},"end":{}}],"line":55},"1":{"loc":{"start":{"line":83,"column":2},"end":{"line":85,"column":null}},"type":"if","locations":[{"start":{"line":83,"column":2},"end":{"line":85,"column":null}},{"start":{},"end":{}}],"line":83}},"s":{"0":2,"1":2,"2":2,"3":2,"4":2,"5":3,"6":2,"7":1,"8":0,"9":3,"10":1,"11":2},"f":{"0":2,"1":3,"2":0,"3":3},"b":{"0":[2,1],"1":[1,2]},"meta":{"lastBranch":2,"lastFunction":4,"lastStatement":12,"seen":{"s:14:25:25:Infinity":0,"f:35:16:35:Infinity":0,"s:40:23:40:Infinity":1,"s:41:8:41:Infinity":2,"s:42:26:42:Infinity":3,"s:44:2:44:Infinity":4,"f:54:16:54:39":1,"b:55:2:55:Infinity:undefined:undefined:undefined:undefined":0,"s:55:2:55:Infinity":5,"s:55:20:55:Infinity":6,"s:56:2:56:Infinity":7,"f:67:16:67:Infinity":2,"s:72:2:73:Infinity":8,"f:82:16:82:29":3,"b:83:2:85:Infinity:undefined:undefined:undefined:undefined":1,"s:83:2:85:Infinity":9,"s:84:4:84:Infinity":10,"s:86:2:86:Infinity":11},"fnNames":{}}}
,"C:\\Users\\user\\Downloads\\Smart Stadium & Tournament Operations\\src\\modules\\sustainability-transport\\sustainabilityMetrics.ts": {"path":"C:\\Users\\user\\Downloads\\Smart Stadium & Tournament Operations\\src\\modules\\sustainability-transport\\sustainabilityMetrics.ts","statementMap":{"0":{"start":{"line":22,"column":14},"end":{"line":22,"column":null}},"1":{"start":{"line":24,"column":2},"end":{"line":42,"column":null}},"2":{"start":{"line":25,"column":22},"end":{"line":25,"column":null}},"3":{"start":{"line":26,"column":24},"end":{"line":26,"column":null}},"4":{"start":{"line":28,"column":20},"end":{"line":28,"column":null}},"5":{"start":{"line":29,"column":23},"end":{"line":29,"column":null}},"6":{"start":{"line":30,"column":22},"end":{"line":30,"column":null}},"7":{"start":{"line":31,"column":21},"end":{"line":31,"column":null}},"8":{"start":{"line":33,"column":4},"end":{"line":41,"column":null}},"9":{"start":{"line":51,"column":35},"end":{"line":100,"column":null}},"10":{"start":{"line":102,"column":2},"end":{"line":102,"column":null}}},"fnMap":{"0":{"name":"generateSustainabilityData","decl":{"start":{"line":21,"column":16},"end":{"line":21,"column":67}},"loc":{"start":{"line":21,"column":67},"end":{"line":43,"column":null}},"line":21},"1":{"name":"(anonymous_1)","decl":{"start":{"line":24,"column":23},"end":{"line":24,"column":28}},"loc":{"start":{"line":24,"column":37},"end":{"line":42,"column":3}},"line":24},"2":{"name":"generateTransportData","decl":{"start":{"line":50,"column":16},"end":{"line":50,"column":58}},"loc":{"start":{"line":50,"column":58},"end":{"line":103,"column":null}},"line":50}},"branchMap":{},"s":{"0":2,"1":2,"2":16,"3":16,"4":16,"5":16,"6":16,"7":16,"8":16,"9":2,"10":2},"f":{"0":2,"1":16,"2":2},"b":{},"meta":{"lastBranch":0,"lastFunction":3,"lastStatement":11,"seen":{"f:21:16:21:67":0,"s:22:14:22:Infinity":0,"s:24:2:42:Infinity":1,"f:24:23:24:28":1,"s:25:22:25:Infinity":2,"s:26:24:26:Infinity":3,"s:28:20:28:Infinity":4,"s:29:23:29:Infinity":5,"s:30:22:30:Infinity":6,"s:31:21:31:Infinity":7,"s:33:4:41:Infinity":8,"f:50:16:50:58":2,"s:51:35:100:Infinity":9,"s:102:2:102:Infinity":10},"fnNames":{}}}
,"C:\\Users\\user\\Downloads\\Smart Stadium & Tournament Operations\\src\\modules\\sustainability-transport\\transportOptimizer.ts": {"path":"C:\\Users\\user\\Downloads\\Smart Stadium & Tournament Operations\\src\\modules\\sustainability-transport\\transportOptimizer.ts","statementMap":{"0":{"start":{"line":16,"column":32},"end":{"line":16,"column":null}},"1":{"start":{"line":29,"column":37},"end":{"line":29,"column":null}},"2":{"start":{"line":51,"column":18},"end":{"line":58,"column":null}},"3":{"start":{"line":52,"column":23},"end":{"line":57,"column":6}},"4":{"start":{"line":60,"column":2},"end":{"line":76,"column":null}},"5":{"start":{"line":61,"column":21},"end":{"line":61,"column":null}},"6":{"start":{"line":62,"column":20},"end":{"line":62,"column":null}},"7":{"start":{"line":63,"column":19},"end":{"line":63,"column":null}},"8":{"start":{"line":65,"column":20},"end":{"line":65,"column":null}},"9":{"start":{"line":66,"column":4},"end":{"line":68,"column":null}},"10":{"start":{"line":67,"column":6},"end":{"line":67,"column":null}},"11":{"start":{"line":70,"column":4},"end":{"line":73,"column":null}},"12":{"start":{"line":70,"column":30},"end":{"line":73,"column":6}},"13":{"start":{"line":75,"column":4},"end":{"line":75,"column":null}},"14":{"start":{"line":88,"column":18},"end":{"line":96,"column":null}},"15":{"start":{"line":89,"column":21},"end":{"line":95,"column":6}},"16":{"start":{"line":98,"column":2},"end":{"line":114,"column":null}},"17":{"start":{"line":99,"column":21},"end":{"line":99,"column":null}},"18":{"start":{"line":100,"column":20},"end":{"line":100,"column":null}},"19":{"start":{"line":101,"column":19},"end":{"line":101,"column":null}},"20":{"start":{"line":103,"column":4},"end":{"line":107,"column":null}},"21":{"start":{"line":109,"column":4},"end":{"line":113,"column":null}}},"fnMap":{"0":{"name":"getTransportRecommendations","decl":{"start":{"line":48,"column":22},"end":{"line":48,"column":null}},"loc":{"start":{"line":50,"column":29},"end":{"line":77,"column":null}},"line":50},"1":{"name":"(anonymous_1)","decl":{"start":{"line":52,"column":11},"end":{"line":52,"column":16}},"loc":{"start":{"line":52,"column":23},"end":{"line":57,"column":6}},"line":52},"2":{"name":"(anonymous_2)","decl":{"start":{"line":70,"column":18},"end":{"line":70,"column":23}},"loc":{"start":{"line":70,"column":30},"end":{"line":73,"column":6}},"line":70},"3":{"name":"getSustainabilityInsights","decl":{"start":{"line":85,"column":22},"end":{"line":85,"column":null}},"loc":{"start":{"line":87,"column":65},"end":{"line":115,"column":null}},"line":87},"4":{"name":"(anonymous_4)","decl":{"start":{"line":89,"column":9},"end":{"line":89,"column":14}},"loc":{"start":{"line":89,"column":21},"end":{"line":95,"column":6}},"line":89}},"branchMap":{"0":{"loc":{"start":{"line":66,"column":22},"end":{"line":66,"column":52}},"type":"binary-expr","locations":[{"start":{"line":66,"column":22},"end":{"line":66,"column":48}},{"start":{"line":66,"column":48},"end":{"line":66,"column":52}}],"line":66},"1":{"loc":{"start":{"line":72,"column":24},"end":{"line":72,"column":null}},"type":"binary-expr","locations":[{"start":{"line":72,"column":24},"end":{"line":72,"column":50}},{"start":{"line":72,"column":50},"end":{"line":72,"column":null}}],"line":72},"2":{"loc":{"start":{"line":104,"column":13},"end":{"line":104,"column":30}},"type":"binary-expr","locations":[{"start":{"line":104,"column":13},"end":{"line":104,"column":28}},{"start":{"line":104,"column":28},"end":{"line":104,"column":30}}],"line":104},"3":{"loc":{"start":{"line":105,"column":20},"end":{"line":105,"column":39}},"type":"binary-expr","locations":[{"start":{"line":105,"column":20},"end":{"line":105,"column":36}},{"start":{"line":105,"column":36},"end":{"line":105,"column":39}}],"line":105},"4":{"loc":{"start":{"line":106,"column":24},"end":{"line":106,"column":71}},"type":"binary-expr","locations":[{"start":{"line":106,"column":24},"end":{"line":106,"column":44}},{"start":{"line":106,"column":44},"end":{"line":106,"column":71}}],"line":106}},"s":{"0":2,"1":2,"2":2,"3":2,"4":2,"5":2,"6":1,"7":1,"8":1,"9":1,"10":1,"11":1,"12":1,"13":1,"14":2,"15":2,"16":2,"17":2,"18":1,"19":1,"20":1,"21":1},"f":{"0":2,"1":2,"2":1,"3":2,"4":2},"b":{"0":[1,0],"1":[1,0],"2":[1,0],"3":[2,0],"4":[2,0]},"meta":{"lastBranch":5,"lastFunction":5,"lastStatement":22,"seen":{"s:16:32:16:Infinity":0,"s:29:37:29:Infinity":1,"f:48:22:48:Infinity":0,"s:51:18:58:Infinity":2,"f:52:11:52:16":1,"s:52:23:57:6":3,"s:60:2:76:Infinity":4,"s:61:21:61:Infinity":5,"s:62:20:62:Infinity":6,"s:63:19:63:Infinity":7,"s:65:20:65:Infinity":8,"s:66:4:68:Infinity":9,"b:66:22:66:48:66:48:66:52":0,"s:67:6:67:Infinity":10,"s:70:4:73:Infinity":11,"f:70:18:70:23":2,"s:70:30:73:6":12,"b:72:24:72:50:72:50:72:Infinity":1,"s:75:4:75:Infinity":13,"f:85:22:85:Infinity":3,"s:88:18:96:Infinity":14,"f:89:9:89:14":4,"s:89:21:95:6":15,"s:98:2:114:Infinity":16,"s:99:21:99:Infinity":17,"s:100:20:100:Infinity":18,"s:101:19:101:Infinity":19,"s:103:4:107:Infinity":20,"b:104:13:104:28:104:28:104:30":2,"b:105:20:105:36:105:36:105:39":3,"b:106:24:106:44:106:44:106:71":4,"s:109:4:113:Infinity":21},"fnNames":{}}}
[...]
,"C:\\Users\\user\\Downloads\\Smart Stadium & Tournament Operations\\src\\shared\\hooks\\useChatMessages.ts": {"path":"C:\\Users\\user\\Downloads\\Smart Stadium & Tournament Operations\\src\\shared\\hooks\\useChatMessages.ts","statementMap":{"0":{"start":{"line":5,"column":19},"end":{"line":5,"column":null}},"1":{"start":{"line":6,"column":16},"end":{"line":6,"column":null}},"2":{"start":{"line":7,"column":20},"end":{"line":7,"column":null}},"3":{"start":{"line":9,"column":8},"end":{"line":11,"column":null}},"4":{"start":{"line":10,"column":4},"end":{"line":10,"column":null}},"5":{"start":{"line":13,"column":8},"end":{"line":49,"column":null}},"6":{"start":{"line":16,"column":20},"end":{"line":16,"column":null}},"7":{"start":{"line":17,"column":4},"end":{"line":17,"column":null}},"8":{"start":{"line":17,"column":31},"end":{"line":17,"column":null}},"9":{"start":{"line":19,"column":33},"end":{"line":24,"column":null}},"10":{"start":{"line":26,"column":4},"end":{"line":26,"column":null}},"11":{"start":{"line":26,"column":26},"end":{"line":26,"column":44}},"12":{"start":{"line":27,"column":4},"end":{"line":27,"column":null}},"13":{"start":{"line":28,"column":4},"end":{"line":28,"column":null}},"14":{"start":{"line":30,"column":4},"end":{"line":48,"column":null}},"15":{"start":{"line":31,"column":23},"end":{"line":31,"column":null}},"16":{"start":{"line":33,"column":40},"end":{"line":39,"column":null}},"17":{"start":{"line":40,"column":6},"end":{"line":40,"column":null}},"18":{"start":{"line":40,"column":28},"end":{"line":40,"column":51}},"19":{"start":{"line":42,"column":6},"end":{"line":45,"column":null}},"20":{"start":{"line":42,"column":28},"end":{"line":45,"column":7}},"21":{"start":{"line":47,"column":6},"end":{"line":47,"column":null}},"22":{"start":{"line":51,"column":2},"end":{"line":58,"column":null}}},"fnMap":{"0":{"name":"useChatMessages","decl":{"start":{"line":4,"column":16},"end":{"line":4,"column":32}},"loc":{"start":{"line":4,"column":61},"end":{"line":59,"column":null}},"line":4},"1":{"name":"(anonymous_1)","decl":{"start":{"line":9,"column":24},"end":{"line":9,"column":37}},"loc":{"start":{"line":9,"column":58},"end":{"line":11,"column":5}},"line":9},"2":{"name":"(anonymous_2)","decl":{"start":{"line":13,"column":33},"end":{"line":13,"column":null}},"loc":{"start":{"line":15,"column":7},"end":{"line":49,"column":5}},"line":15},"3":{"name":"(anonymous_3)","decl":{"start":{"line":26,"column":4},"end":{"line":26,"column":17}},"loc":{"start":{"line":26,"column":26},"end":{"line":26,"column":44}},"line":26},"4":{"name":"(anonymous_4)","decl":{"start":{"line":40,"column":6},"end":{"line":40,"column":19}},"loc":{"start":{"line":40,"column":28},"end":{"line":40,"column":51}},"line":40},"5":{"name":"(anonymous_5)","decl":{"start":{"line":42,"column":6},"end":{"line":42,"column":19}},"loc":{"start":{"line":42,"column":28},"end":{"line":45,"column":7}},"line":42}},"branchMap":{"0":{"loc":{"start":{"line":17,"column":4},"end":{"line":17,"column":null}},"type":"if","locations":[{"start":{"line":17,"column":4},"end":{"line":17,"column":null}},{"start":{},"end":{}}],"line":17},"1":{"loc":{"start":{"line":17,"column":8},"end":{"line":17,"column":31}},"type":"binary-expr","locations":[{"start":{"line":17,"column":8},"end":{"line":17,"column":20}},{"start":{"line":17,"column":20},"end":{"line":17,"column":31}}],"line":17}},"s":{"0":4,"1":4,"2":4,"3":4,"4":1,"5":4,"6":0,"7":0,"8":0,"9":0,"10":0,"11":0,"12":0,"13":0,"14":0,"15":0,"16":0,"17":0,"18":0,"19":0,"20":0,"21":0,"22":4},"f":{"0":4,"1":1,"2":0,"3":0,"4":0,"5":0},"b":{"0":[0,0],"1":[0,0]},"meta":{"lastBranch":2,"lastFunction":6,"lastStatement":23,"seen":{"f:4:16:4:32":0,"s:5:19:5:Infinity":0,"s:6:16:6:Infinity":1,"s:7:20:7:Infinity":2,"s:9:8:11:Infinity":3,"f:9:24:9:37":1,"s:10:4:10:Infinity":4,"s:13:8:49:Infinity":5,"f:13:33:13:Infinity":2,"s:16:20:16:Infinity":6,"b:17:4:17:Infinity:undefined:undefined:undefined:undefined":0,"s:17:4:17:Infinity":7,"b:17:8:17:20:17:20:17:31":1,"s:17:31:17:Infinity":8,"s:19:33:24:Infinity":9,"s:26:4:26:Infinity":10,"f:26:4:26:17":3,"s:26:26:26:44":11,"s:27:4:27:Infinity":12,"s:28:4:28:Infinity":13,"s:30:4:48:Infinity":14,"s:31:23:31:Infinity":15,"s:33:40:39:Infinity":16,"s:40:6:40:Infinity":17,"f:40:6:40:19":4,"s:40:28:40:51":18,"s:42:6:45:Infinity":19,"f:42:6:42:19":5,"s:42:28:45:7":20,"s:47:6:47:Infinity":21,"s:51:2:58:Infinity":22},"fnNames":{}}}
,"C:\\Users\\user\\Downloads\\Smart Stadium & Tournament Operations\\src\\shared\\hooks\\useCrowdData.ts": {"path":"C:\\Users\\user\\Downloads\\Smart Stadium & Tournament Operations\\src\\shared\\hooks\\useCrowdData.ts","statementMap":{"0":{"start":{"line":17,"column":25},"end":{"line":17,"column":null}},"1":{"start":{"line":26,"column":19},"end":{"line":26,"column":null}},"2":{"start":{"line":27,"column":21},"end":{"line":27,"column":null}},"3":{"start":{"line":30,"column":21},"end":{"line":30,"column":null}},"4":{"start":{"line":33,"column":2},"end":{"line":40,"column":null}},"5":{"start":{"line":34,"column":4},"end":{"line":34,"column":null}},"6":{"start":{"line":34,"column":31},"end":{"line":34,"column":null}},"7":{"start":{"line":36,"column":10},"end":{"line":36,"column":null}},"8":{"start":{"line":36,"column":25},"end":{"line":36,"column":null}},"9":{"start":{"line":37,"column":4},"end":{"line":37,"column":null}},"10":{"start":{"line":38,"column":21},"end":{"line":38,"column":null}},"11":{"start":{"line":39,"column":4},"end":{"line":39,"column":null}},"12":{"start":{"line":39,"column":17},"end":{"line":39,"column":null}},"13":{"start":{"line":42,"column":2},"end":{"line":47,"column":null}}},"fnMap":{"0":{"name":"useCrowdData","decl":{"start":{"line":25,"column":16},"end":{"line":25,"column":31}},"loc":{"start":{"line":25,"column":31},"end":{"line":48,"column":null}},"line":25},"1":{"name":"(anonymous_1)","decl":{"start":{"line":33,"column":2},"end":{"line":33,"column":18}},"loc":{"start":{"line":33,"column":18},"end":{"line":40,"column":5}},"line":33},"2":{"name":"(anonymous_2)","decl":{"start":{"line":36,"column":10},"end":{"line":36,"column":25}},"loc":{"start":{"line":36,"column":25},"end":{"line":36,"column":null}},"line":36},"3":{"name":"(anonymous_3)","decl":{"start":{"line":39,"column":4},"end":{"line":39,"column":17}},"loc":{"start":{"line":39,"column":17},"end":{"line":39,"column":null}},"line":39}},"branchMap":{"0":{"loc":{"start":{"line":30,"column":21},"end":{"line":30,"column":null}},"type":"cond-expr","locations":[{"start":{"line":30,"column":45},"end":{"line":30,"column":58}},{"start":{"line":30,"column":58},"end":{"line":30,"column":null}}],"line":30},"1":{"loc":{"start":{"line":34,"column":4},"end":{"line":34,"column":null}},"type":"if","locations":[{"start":{"line":34,"column":4},"end":{"line":34,"column":null}},{"start":{},"end":{}}],"line":34}},"s":{"0":2,"1":6,"2":6,"3":6,"4":6,"5":2,"6":0,"7":2,"8":3,"9":2,"10":2,"11":2,"12":2,"13":6},"f":{"0":6,"1":2,"2":3,"3":2},"b":{"0":[0,6],"1":[0,2]},"meta":{"lastBranch":2,"lastFunction":4,"lastStatement":14,"seen":{"s:17:25:17:Infinity":0,"f:25:16:25:31":0,"s:26:19:26:Infinity":1,"s:27:21:27:Infinity":2,"s:30:21:30:Infinity":3,"b:30:45:30:58:30:58:30:Infinity":0,"s:33:2:40:Infinity":4,"f:33:2:33:18":1,"b:34:4:34:Infinity:undefined:undefined:undefined:undefined":1,"s:34:4:34:Infinity":5,"s:34:31:34:Infinity":6,"s:36:10:36:Infinity":7,"f:36:10:36:25":2,"s:36:25:36:Infinity":8,"s:37:4:37:Infinity":9,"s:38:21:38:Infinity":10,"s:39:4:39:Infinity":11,"f:39:4:39:17":3,"s:39:17:39:Infinity":12,"s:42:2:47:Infinity":13},"fnNames":{}}}
,"C:\\Users\\user\\Downloads\\Smart Stadium & Tournament Operations\\src\\shared\\hooks\\useIncidents.ts": {"path":"C:\\Users\\user\\Downloads\\Smart Stadium & Tournament Operations\\src\\shared\\hooks\\useIncidents.ts","statementMap":{"0":{"start":{"line":9,"column":35},"end":{"line":14,"column":null}},"1":{"start":{"line":17,"column":20},"end":{"line":17,"column":null}},"2":{"start":{"line":18,"column":22},"end":{"line":18,"column":null}},"3":{"start":{"line":20,"column":8},"end":{"line":20,"column":null}},"4":{"start":{"line":21,"column":8},"end":{"line":21,"column":null}},"5":{"start":{"line":22,"column":8},"end":{"line":22,"column":null}},"6":{"start":{"line":24,"column":8},"end":{"line":53,"column":null}},"7":{"start":{"line":29,"column":4},"end":{"line":29,"column":null}},"8":{"start":{"line":29,"column":46},"end":{"line":29,"column":null}},"9":{"start":{"line":30,"column":4},"end":{"line":30,"column":null}},"10":{"start":{"line":32,"column":4},"end":{"line":52,"column":null}},"11":{"start":{"line":33,"column":23},"end":{"line":33,"column":null}},"12":{"start":{"line":35,"column":36},"end":{"line":46,"column":null}},"13":{"start":{"line":48,"column":6},"end":{"line":48,"column":null}},"14":{"start":{"line":48,"column":29},"end":{"line":48,"column":51}},"15":{"start":{"line":49,"column":6},"end":{"line":49,"column":null}},"16":{"start":{"line":51,"column":6},"end":{"line":51,"column":null}},"17":{"start":{"line":55,"column":2},"end":{"line":61,"column":null}}},"fnMap":{"0":{"name":"useIncidents","decl":{"start":{"line":16,"column":16},"end":{"line":16,"column":29}},"loc":{"start":{"line":16,"column":48},"end":{"line":62,"column":null}},"line":16},"1":{"name":"(anonymous_1)","decl":{"start":{"line":24,"column":37},"end":{"line":24,"column":null}},"loc":{"start":{"line":28,"column":7},"end":{"line":53,"column":5}},"line":28},"2":{"name":"(anonymous_2)","decl":{"start":{"line":48,"column":6},"end":{"line":48,"column":20}},"loc":{"start":{"line":48,"column":29},"end":{"line":48,"column":51}},"line":48}},"branchMap":{"0":{"loc":{"start":{"line":29,"column":4},"end":{"line":29,"column":null}},"type":"if","locations":[{"start":{"line":29,"column":4},"end":{"line":29,"column":null}},{"start":{},"end":{}}],"line":29},"1":{"loc":{"start":{"line":29,"column":8},"end":{"line":29,"column":46}},"type":"binary-expr","locations":[{"start":{"line":29,"column":8},"end":{"line":29,"column":25}},{"start":{"line":29,"column":25},"end":{"line":29,"column":46}}],"line":29},"2":{"loc":{"start":{"line":39,"column":8},"end":{"line":39,"column":null}},"type":"binary-expr","locations":[{"start":{"line":39,"column":8},"end":{"line":39,"column":45}},{"start":{"line":39,"column":45},"end":{"line":39,"column":null}}],"line":39},"3":{"loc":{"start":{"line":45,"column":20},"end":{"line":45,"column":null}},"type":"binary-expr","locations":[{"start":{"line":45,"column":20},"end":{"line":45,"column":35}},{"start":{"line":45,"column":35},"end":{"line":45,"column":null}}],"line":45}},"s":{"0":1,"1":1,"2":1,"3":1,"4":1,"5":1,"6":1,"7":0,"8":0,"9":0,"10":0,"11":0,"12":0,"13":0,"14":0,"15":0,"16":0,"17":1},"f":{"0":1,"1":0,"2":0},"b":{"0":[0,0],"1":[0,0],"2":[0,0],"3":[0,0]},"meta":{"lastBranch":4,"lastFunction":3,"lastStatement":18,"seen":{"s:9:35:14:Infinity":0,"f:16:16:16:29":0,"s:17:20:17:Infinity":1,"s:18:22:18:Infinity":2,"s:20:8:20:Infinity":3,"s:21:8:21:Infinity":4,"s:22:8:22:Infinity":5,"s:24:8:53:Infinity":6,"f:24:37:24:Infinity":1,"b:29:4:29:Infinity:undefined:undefined:undefined:undefined":0,"s:29:4:29:Infinity":7,"b:29:8:29:25:29:25:29:46":1,"s:29:46:29:Infinity":8,"s:30:4:30:Infinity":9,"s:32:4:52:Infinity":10,"s:33:23:33:Infinity":11,"s:35:36:46:Infinity":12,"b:39:8:39:45:39:45:39:Infinity":2,"b:45:20:45:35:45:35:45:Infinity":3,"s:48:6:48:Infinity":13,"f:48:6:48:20":2,"s:48:29:48:51":14,"s:49:6:49:Infinity":15,"s:51:6:51:Infinity":16,"s:55:2:61:Infinity":17},"fnNames":{}}}
,"C:\\Users\\user\\Downloads\\Smart Stadium & Tournament Operations\\src\\shared\\hooks\\useSustainability.ts": {"path":"C:\\Users\\user\\Downloads\\Smart Stadium & Tournament Operations\\src\\shared\\hooks\\useSustainability.ts","statementMap":{"0":{"start":{"line":7,"column":18},"end":{"line":7,"column":null}},"1":{"start":{"line":8,"column":24},"end":{"line":8,"column":null}},"2":{"start":{"line":9,"column":19},"end":{"line":9,"column":null}},"3":{"start":{"line":10,"column":28},"end":{"line":10,"column":null}},"4":{"start":{"line":12,"column":2},"end":{"line":15,"column":null}},"5":{"start":{"line":13,"column":4},"end":{"line":13,"column":null}},"6":{"start":{"line":14,"column":4},"end":{"line":14,"column":null}},"7":{"start":{"line":17,"column":8},"end":{"line":29,"column":null}},"8":{"start":{"line":18,"column":4},"end":{"line":18,"column":null}},"9":{"start":{"line":19,"column":4},"end":{"line":28,"column":null}},"10":{"start":{"line":20,"column":43},"end":{"line":23,"column":null}},"11":{"start":{"line":24,"column":6},"end":{"line":24,"column":null}},"12":{"start":{"line":25,"column":6},"end":{"line":25,"column":null}},"13":{"start":{"line":27,"column":6},"end":{"line":27,"column":null}},"14":{"start":{"line":31,"column":21},"end":{"line":31,"column":null}},"15":{"start":{"line":31,"column":46},"end":{"line":31,"column":61}},"16":{"start":{"line":32,"column":24},"end":{"line":32,"column":null}},"17":{"start":{"line":32,"column":49},"end":{"line":32,"column":67}},"18":{"start":{"line":33,"column":22},"end":{"line":33,"column":null}},"19":{"start":{"line":33,"column":47},"end":{"line":33,"column":63}},"20":{"start":{"line":34,"column":22},"end":{"line":34,"column":null}},"21":{"start":{"line":34,"column":47},"end":{"line":34,"column":64}},"22":{"start":{"line":36,"column":2},"end":{"line":48,"column":null}}},"fnMap":{"0":{"name":"useSustainability","decl":{"start":{"line":6,"column":16},"end":{"line":6,"column":36}},"loc":{"start":{"line":6,"column":36},"end":{"line":49,"column":null}},"line":6},"1":{"name":"(anonymous_1)","decl":{"start":{"line":12,"column":2},"end":{"line":12,"column":18}},"loc":{"start":{"line":12,"column":18},"end":{"line":15,"column":5}},"line":12},"2":{"name":"(anonymous_2)","decl":{"start":{"line":17,"column":40},"end":{"line":17,"column":52}},"loc":{"start":{"line":17,"column":52},"end":{"line":29,"column":5}},"line":17},"3":{"name":"(anonymous_3)","decl":{"start":{"line":31,"column":29},"end":{"line":31,"column":37}},"loc":{"start":{"line":31,"column":46},"end":{"line":31,"column":61}},"line":31},"4":{"name":"(anonymous_4)","decl":{"start":{"line":32,"column":32},"end":{"line":32,"column":40}},"loc":{"start":{"line":32,"column":49},"end":{"line":32,"column":67}},"line":32},"5":{"name":"(anonymous_5)","decl":{"start":{"line":33,"column":30},"end":{"line":33,"column":38}},"loc":{"start":{"line":33,"column":47},"end":{"line":33,"column":63}},"line":33},"6":{"name":"(anonymous_6)","decl":{"start":{"line":34,"column":30},"end":{"line":34,"column":38}},"loc":{"start":{"line":34,"column":47},"end":{"line":34,"column":64}},"line":34}},"branchMap":{},"s":{"0":2,"1":2,"2":2,"3":2,"4":2,"5":1,"6":1,"7":2,"8":0,"9":0,"10":0,"11":0,"12":0,"13":0,"14":2,"15":8,"16":2,"17":8,"18":2,"19":8,"20":2,"21":8,"22":2},"f":{"0":2,"1":1,"2":0,"3":8,"4":8,"5":8,"6":8},"b":{},"meta":{"lastBranch":0,"lastFunction":7,"lastStatement":23,"seen":{"f:6:16:6:36":0,"s:7:18:7:Infinity":0,"s:8:24:8:Infinity":1,"s:9:19:9:Infinity":2,"s:10:28:10:Infinity":3,"s:12:2:15:Infinity":4,"f:12:2:12:18":1,"s:13:4:13:Infinity":5,"s:14:4:14:Infinity":6,"s:17:8:29:Infinity":7,"f:17:40:17:52":2,"s:18:4:18:Infinity":8,"s:19:4:28:Infinity":9,"s:20:43:23:Infinity":10,"s:24:6:24:Infinity":11,"s:25:6:25:Infinity":12,"s:27:6:27:Infinity":13,"s:31:21:31:Infinity":14,"f:31:29:31:37":3,"s:31:46:31:61":15,"s:32:24:32:Infinity":16,"f:32:32:32:40":4,"s:32:49:32:67":17,"s:33:22:33:Infinity":18,"f:33:30:33:38":5,"s:33:47:33:63":19,"s:34:22:34:Infinity":20,"f:34:30:34:38":6,"s:34:47:34:64":21,"s:36:2:48:Infinity":22},"fnNames":{}}}
,"C:\\Users\\user\\Downloads\\Smart Stadium & Tournament Operations\\src\\shared\\hooks\\useVolunteerAlerts.ts": {"path":"C:\\Users\\user\\Downloads\\Smart Stadium & Tournament Operations\\src\\shared\\hooks\\useVolunteerAlerts.ts","statementMap":{"0":{"start":{"line":7,"column":17},"end":{"line":7,"column":null}},"1":{"start":{"line":8,"column":22},"end":{"line":8,"column":null}},"2":{"start":{"line":9,"column":22},"end":{"line":9,"column":null}},"3":{"start":{"line":11,"column":8},"end":{"line":25,"column":null}},"4":{"start":{"line":12,"column":22},"end":{"line":12,"column":null}},"5":{"start":{"line":12,"column":39},"end":{"line":12,"column":81}},"6":{"start":{"line":13,"column":4},"end":{"line":16,"column":null}},"7":{"start":{"line":14,"column":6},"end":{"line":14,"column":null}},"8":{"start":{"line":15,"column":6},"end":{"line":15,"column":null}},"9":{"start":{"line":18,"column":4},"end":{"line":18,"column":null}},"10":{"start":{"line":19,"column":4},"end":{"line":24,"column":null}},"11":{"start":{"line":20,"column":24},"end":{"line":20,"column":null}},"12":{"start":{"line":21,"column":6},"end":{"line":21,"column":null}},"13":{"start":{"line":23,"column":6},"end":{"line":23,"column":null}},"14":{"start":{"line":27,"column":2},"end":{"line":29,"column":null}},"15":{"start":{"line":28,"column":4},"end":{"line":28,"column":null}},"16":{"start":{"line":31,"column":2},"end":{"line":36,"column":null}}},"fnMap":{"0":{"name":"useVolunteerAlerts","decl":{"start":{"line":6,"column":16},"end":{"line":6,"column":35}},"loc":{"start":{"line":6,"column":62},"end":{"line":37,"column":null}},"line":6},"1":{"name":"(anonymous_1)","decl":{"start":{"line":11,"column":40},"end":{"line":11,"column":47}},"loc":{"start":{"line":11,"column":91},"end":{"line":25,"column":5}},"line":11},"2":{"name":"(anonymous_2)","decl":{"start":{"line":12,"column":27},"end":{"line":12,"column":34}},"loc":{"start":{"line":12,"column":39},"end":{"line":12,"column":81}},"line":12},"3":{"name":"(anonymous_3)","decl":{"start":{"line":27,"column":2},"end":{"line":27,"column":18}},"loc":{"start":{"line":27,"column":18},"end":{"line":29,"column":5}},"line":27}},"branchMap":{"0":{"loc":{"start":{"line":13,"column":4},"end":{"line":16,"column":null}},"type":"if","locations":[{"start":{"line":13,"column":4},"end":{"line":16,"column":null}},{"start":{},"end":{}}],"line":13}},"s":{"0":3,"1":3,"2":3,"3":3,"4":2,"5":8,"6":2,"7":2,"8":2,"9":0,"10":0,"11":0,"12":0,"13":0,"14":3,"15":2,"16":3},"f":{"0":3,"1":2,"2":8,"3":2},"b":{"0":[2,0]},"meta":{"lastBranch":1,"lastFunction":4,"lastStatement":17,"seen":{"f:6:16:6:35":0,"s:7:17:7:Infinity":0,"s:8:22:8:Infinity":1,"s:9:22:9:Infinity":2,"s:11:8:25:Infinity":3,"f:11:40:11:47":1,"s:12:22:12:Infinity":4,"f:12:27:12:34":2,"s:12:39:12:81":5,"b:13:4:16:Infinity:undefined:undefined:undefined:undefined":0,"s:13:4:16:Infinity":6,"s:14:6:14:Infinity":7,"s:15:6:15:Infinity":8,"s:18:4:18:Infinity":9,"s:19:4:24:Infinity":10,"s:20:24:20:Infinity":11,"s:21:6:21:Infinity":12,"s:23:6:23:Infinity":13,"s:27:2:29:Infinity":14,"f:27:2:27:18":3,"s:28:4:28:Infinity":15,"s:31:2:36:Infinity":16},"fnNames":{}}}
}
